<?xml version="1.0" encoding="UTF-8"?>
<testng-results ignored="0" total="3" passed="3" failed="0" skipped="0">
  <reporter-output>
  </reporter-output>
  <suite started-at="2022-10-04T13:48:37 WIB" name="Default suite" finished-at="2022-10-04T13:49:32 WIB" duration-ms="54965">
    <groups>
      <group name="cucumber">
        <method signature="AbstractTestNGCucumberTests.runScenario(io.cucumber.testng.PickleWrapper,io.cucumber.testng.FeatureWrapper)[pri:0, instance:cucumber.framework.runner.jcadmin.JCAdminRunner@2767e23c]" name="runScenario" class="io.cucumber.testng.AbstractTestNGCucumberTests"/>
      </group> <!-- cucumber -->
    </groups>
    <test started-at="2022-10-04T13:48:37 WIB" name="Default test" finished-at="2022-10-04T13:49:32 WIB" duration-ms="54965">
      <class name="cucumber.framework.runner.jcadmin.JCAdminRunner">
        <test-method is-config="true" signature="setUpClass(org.testng.ITestContext)[pri:0, instance:cucumber.framework.runner.jcadmin.JCAdminRunner@2767e23c]" started-at="2022-10-04T13:48:37 WIB" name="setUpClass" finished-at="2022-10-04T13:48:38 WIB" duration-ms="861" status="PASS">
          <params>
            <param index="0">
              <value>
                <![CDATA[org.testng.TestRunner@6060146b]]>
              </value>
            </param>
          </params>
          <reporter-output>
          </reporter-output>
        </test-method> <!-- setUpClass -->
        <test-method signature="runScenario(io.cucumber.testng.PickleWrapper,io.cucumber.testng.FeatureWrapper)[pri:0, instance:cucumber.framework.runner.jcadmin.JCAdminRunner@2767e23c]" started-at="2022-10-04T13:48:38 WIB" name="runScenario" description="Runs Cucumber Scenarios" data-provider="scenarios" finished-at="2022-10-04T13:49:07 WIB" duration-ms="29331" status="PASS">
          <params>
            <param index="0">
              <value>
                <![CDATA["Mengedit Nama trainer negative"]]>
              </value>
            </param>
            <param index="1">
              <value>
                <![CDATA["Edit Input Data Trainer Negative"]]>
              </value>
            </param>
          </params>
          <reporter-output>
          </reporter-output>
        </test-method> <!-- runScenario -->
        <test-method signature="runScenario(io.cucumber.testng.PickleWrapper,io.cucumber.testng.FeatureWrapper)[pri:0, instance:cucumber.framework.runner.jcadmin.JCAdminRunner@2767e23c]" started-at="2022-10-04T13:49:07 WIB" name="runScenario" description="Runs Cucumber Scenarios" data-provider="scenarios" finished-at="2022-10-04T13:49:18 WIB" duration-ms="10955" status="PASS">
          <params>
            <param index="0">
              <value>
                <![CDATA["Mengedit Jabatan trainer negative"]]>
              </value>
            </param>
            <param index="1">
              <value>
                <![CDATA["Edit Input Data Trainer Negative"]]>
              </value>
            </param>
          </params>
          <reporter-output>
          </reporter-output>
        </test-method> <!-- runScenario -->
        <test-method signature="runScenario(io.cucumber.testng.PickleWrapper,io.cucumber.testng.FeatureWrapper)[pri:0, instance:cucumber.framework.runner.jcadmin.JCAdminRunner@2767e23c]" started-at="2022-10-04T13:49:18 WIB" name="runScenario" description="Runs Cucumber Scenarios" data-provider="scenarios" finished-at="2022-10-04T13:49:30 WIB" duration-ms="11370" status="PASS">
          <params>
            <param index="0">
              <value>
                <![CDATA["Mengedit Profile trainer negative"]]>
              </value>
            </param>
            <param index="1">
              <value>
                <![CDATA["Edit Input Data Trainer Negative"]]>
              </value>
            </param>
          </params>
          <reporter-output>
          </reporter-output>
        </test-method> <!-- runScenario -->
        <test-method is-config="true" signature="tearDownClass()[pri:0, instance:cucumber.framework.runner.jcadmin.JCAdminRunner@2767e23c]" started-at="2022-10-04T13:49:30 WIB" name="tearDownClass" finished-at="2022-10-04T13:49:32 WIB" duration-ms="2374" status="PASS">
          <reporter-output>
          </reporter-output>
        </test-method> <!-- tearDownClass -->
      </class> <!-- cucumber.framework.runner.jcadmin.JCAdminRunner -->
    </test> <!-- Default test -->
  </suite> <!-- Default suite -->
</testng-results>
