<?xml version="1.0" encoding="UTF-8"?>
<testng-results ignored="0" total="95" passed="78" failed="17" skipped="0">
  <reporter-output>
  </reporter-output>
  <suite started-at="2022-10-07T12:34:42 WIB" name="Default suite" finished-at="2022-10-07T12:59:25 WIB" duration-ms="1482936">
    <groups>
      <group name="cucumber">
        <method signature="AbstractTestNGCucumberTests.runScenario(io.cucumber.testng.PickleWrapper,io.cucumber.testng.FeatureWrapper)[pri:0, instance:cucumber.framework.runner.jcadmin.JCAdminRunner@2767e23c]" name="runScenario" class="io.cucumber.testng.AbstractTestNGCucumberTests"/>
      </group> <!-- cucumber -->
    </groups>
    <test started-at="2022-10-07T12:34:42 WIB" name="Default test" finished-at="2022-10-07T12:59:25 WIB" duration-ms="1482936">
      <class name="cucumber.framework.runner.jcadmin.JCAdminRunner">
        <test-method is-config="true" signature="setUpClass(org.testng.ITestContext)[pri:0, instance:cucumber.framework.runner.jcadmin.JCAdminRunner@2767e23c]" started-at="2022-10-07T12:34:42 WIB" name="setUpClass" finished-at="2022-10-07T12:34:44 WIB" duration-ms="1794" status="PASS">
          <params>
            <param index="0">
              <value>
                <![CDATA[org.testng.TestRunner@950a833]]>
              </value>
            </param>
          </params>
          <reporter-output>
          </reporter-output>
        </test-method> <!-- setUpClass -->
        <test-method signature="runScenario(io.cucumber.testng.PickleWrapper,io.cucumber.testng.FeatureWrapper)[pri:0, instance:cucumber.framework.runner.jcadmin.JCAdminRunner@2767e23c]" started-at="2022-10-07T12:34:44 WIB" name="runScenario" description="Runs Cucumber Scenarios" data-provider="scenarios" finished-at="2022-10-07T12:34:58 WIB" duration-ms="14074" status="PASS">
          <params>
            <param index="0">
              <value>
                <![CDATA["Membuka halaman about"]]>
              </value>
            </param>
            <param index="1">
              <value>
                <![CDATA["Menambah About"]]>
              </value>
            </param>
          </params>
          <reporter-output>
          </reporter-output>
        </test-method> <!-- runScenario -->
        <test-method signature="runScenario(io.cucumber.testng.PickleWrapper,io.cucumber.testng.FeatureWrapper)[pri:0, instance:cucumber.framework.runner.jcadmin.JCAdminRunner@2767e23c]" started-at="2022-10-07T12:34:58 WIB" name="runScenario" description="Runs Cucumber Scenarios" data-provider="scenarios" finished-at="2022-10-07T12:35:22 WIB" duration-ms="24501" status="PASS">
          <params>
            <param index="0">
              <value>
                <![CDATA["Menambah daftar trainer Active"]]>
              </value>
            </param>
            <param index="1">
              <value>
                <![CDATA["Menambah About"]]>
              </value>
            </param>
          </params>
          <reporter-output>
          </reporter-output>
        </test-method> <!-- runScenario -->
        <test-method signature="runScenario(io.cucumber.testng.PickleWrapper,io.cucumber.testng.FeatureWrapper)[pri:0, instance:cucumber.framework.runner.jcadmin.JCAdminRunner@2767e23c]" started-at="2022-10-07T12:35:22 WIB" name="runScenario" description="Runs Cucumber Scenarios" data-provider="scenarios" finished-at="2022-10-07T12:35:45 WIB" duration-ms="22567" status="PASS">
          <params>
            <param index="0">
              <value>
                <![CDATA["Menambah daftar trainer No Active"]]>
              </value>
            </param>
            <param index="1">
              <value>
                <![CDATA["Menambah About"]]>
              </value>
            </param>
          </params>
          <reporter-output>
          </reporter-output>
        </test-method> <!-- runScenario -->
        <test-method signature="runScenario(io.cucumber.testng.PickleWrapper,io.cucumber.testng.FeatureWrapper)[pri:0, instance:cucumber.framework.runner.jcadmin.JCAdminRunner@2767e23c]" started-at="2022-10-07T12:35:45 WIB" name="runScenario" description="Runs Cucumber Scenarios" data-provider="scenarios" finished-at="2022-10-07T12:36:08 WIB" duration-ms="22599" status="PASS">
          <params>
            <param index="0">
              <value>
                <![CDATA["Menambah daftar trainer dengan banyak ekstensi gambar JPG"]]>
              </value>
            </param>
            <param index="1">
              <value>
                <![CDATA["Menambah About"]]>
              </value>
            </param>
          </params>
          <reporter-output>
          </reporter-output>
        </test-method> <!-- runScenario -->
        <test-method signature="runScenario(io.cucumber.testng.PickleWrapper,io.cucumber.testng.FeatureWrapper)[pri:0, instance:cucumber.framework.runner.jcadmin.JCAdminRunner@2767e23c]" started-at="2022-10-07T12:36:08 WIB" name="runScenario" description="Runs Cucumber Scenarios" data-provider="scenarios" finished-at="2022-10-07T12:36:31 WIB" duration-ms="23512" status="PASS">
          <params>
            <param index="0">
              <value>
                <![CDATA["Menambah daftar trainer dengan banyak ekstensi gambar PNG"]]>
              </value>
            </param>
            <param index="1">
              <value>
                <![CDATA["Menambah About"]]>
              </value>
            </param>
          </params>
          <reporter-output>
          </reporter-output>
        </test-method> <!-- runScenario -->
        <test-method signature="runScenario(io.cucumber.testng.PickleWrapper,io.cucumber.testng.FeatureWrapper)[pri:0, instance:cucumber.framework.runner.jcadmin.JCAdminRunner@2767e23c]" started-at="2022-10-07T12:36:31 WIB" name="runScenario" description="Runs Cucumber Scenarios" data-provider="scenarios" finished-at="2022-10-07T12:36:54 WIB" duration-ms="22981" status="PASS">
          <params>
            <param index="0">
              <value>
                <![CDATA["Menambah daftar trainer dengan banyak ekstensi gambar RAW"]]>
              </value>
            </param>
            <param index="1">
              <value>
                <![CDATA["Menambah About"]]>
              </value>
            </param>
          </params>
          <reporter-output>
          </reporter-output>
        </test-method> <!-- runScenario -->
        <test-method signature="runScenario(io.cucumber.testng.PickleWrapper,io.cucumber.testng.FeatureWrapper)[pri:0, instance:cucumber.framework.runner.jcadmin.JCAdminRunner@2767e23c]" started-at="2022-10-07T12:36:54 WIB" name="runScenario" description="Runs Cucumber Scenarios" data-provider="scenarios" finished-at="2022-10-07T12:37:17 WIB" duration-ms="22619" status="PASS">
          <params>
            <param index="0">
              <value>
                <![CDATA["Menambah daftar trainer dengan banyak ekstensi gambar GIF"]]>
              </value>
            </param>
            <param index="1">
              <value>
                <![CDATA["Menambah About"]]>
              </value>
            </param>
          </params>
          <reporter-output>
          </reporter-output>
        </test-method> <!-- runScenario -->
        <test-method signature="runScenario(io.cucumber.testng.PickleWrapper,io.cucumber.testng.FeatureWrapper)[pri:0, instance:cucumber.framework.runner.jcadmin.JCAdminRunner@2767e23c]" started-at="2022-10-07T12:37:17 WIB" name="runScenario" description="Runs Cucumber Scenarios" data-provider="scenarios" finished-at="2022-10-07T12:37:39 WIB" duration-ms="22550" status="PASS">
          <params>
            <param index="0">
              <value>
                <![CDATA["Menambah daftar trainer dengan banyak ekstensi gambar BMP"]]>
              </value>
            </param>
            <param index="1">
              <value>
                <![CDATA["Menambah About"]]>
              </value>
            </param>
          </params>
          <reporter-output>
          </reporter-output>
        </test-method> <!-- runScenario -->
        <test-method signature="runScenario(io.cucumber.testng.PickleWrapper,io.cucumber.testng.FeatureWrapper)[pri:0, instance:cucumber.framework.runner.jcadmin.JCAdminRunner@2767e23c]" started-at="2022-10-07T12:37:39 WIB" name="runScenario" description="Runs Cucumber Scenarios" data-provider="scenarios" finished-at="2022-10-07T12:38:02 WIB" duration-ms="22779" status="PASS">
          <params>
            <param index="0">
              <value>
                <![CDATA["Menambah daftar trainer dengan banyak ekstensi gambar WEBP"]]>
              </value>
            </param>
            <param index="1">
              <value>
                <![CDATA["Menambah About"]]>
              </value>
            </param>
          </params>
          <reporter-output>
          </reporter-output>
        </test-method> <!-- runScenario -->
        <test-method signature="runScenario(io.cucumber.testng.PickleWrapper,io.cucumber.testng.FeatureWrapper)[pri:0, instance:cucumber.framework.runner.jcadmin.JCAdminRunner@2767e23c]" started-at="2022-10-07T12:38:02 WIB" name="runScenario" description="Runs Cucumber Scenarios" data-provider="scenarios" finished-at="2022-10-07T12:38:26 WIB" duration-ms="23660" status="PASS">
          <params>
            <param index="0">
              <value>
                <![CDATA["Menambah daftar trainer dengan banyak ekstensi gambar TIFF"]]>
              </value>
            </param>
            <param index="1">
              <value>
                <![CDATA["Menambah About"]]>
              </value>
            </param>
          </params>
          <reporter-output>
          </reporter-output>
        </test-method> <!-- runScenario -->
        <test-method signature="runScenario(io.cucumber.testng.PickleWrapper,io.cucumber.testng.FeatureWrapper)[pri:0, instance:cucumber.framework.runner.jcadmin.JCAdminRunner@2767e23c]" started-at="2022-10-07T12:38:26 WIB" name="runScenario" description="Runs Cucumber Scenarios" data-provider="scenarios" finished-at="2022-10-07T12:38:48 WIB" duration-ms="22737" status="PASS">
          <params>
            <param index="0">
              <value>
                <![CDATA["Menambah daftar trainer dengan banyak ekstensi gambar PSD"]]>
              </value>
            </param>
            <param index="1">
              <value>
                <![CDATA["Menambah About"]]>
              </value>
            </param>
          </params>
          <reporter-output>
          </reporter-output>
        </test-method> <!-- runScenario -->
        <test-method signature="runScenario(io.cucumber.testng.PickleWrapper,io.cucumber.testng.FeatureWrapper)[pri:0, instance:cucumber.framework.runner.jcadmin.JCAdminRunner@2767e23c]" started-at="2022-10-07T12:38:48 WIB" name="runScenario" description="Runs Cucumber Scenarios" data-provider="scenarios" finished-at="2022-10-07T12:39:12 WIB" duration-ms="23574" status="PASS">
          <params>
            <param index="0">
              <value>
                <![CDATA["Tambah trainer negative masukkan foto dengan mp4"]]>
              </value>
            </param>
            <param index="1">
              <value>
                <![CDATA["Menambah About Negative"]]>
              </value>
            </param>
          </params>
          <reporter-output>
          </reporter-output>
        </test-method> <!-- runScenario -->
        <test-method signature="runScenario(io.cucumber.testng.PickleWrapper,io.cucumber.testng.FeatureWrapper)[pri:0, instance:cucumber.framework.runner.jcadmin.JCAdminRunner@2767e23c]" started-at="2022-10-07T12:39:12 WIB" name="runScenario" description="Runs Cucumber Scenarios" data-provider="scenarios" finished-at="2022-10-07T12:39:33 WIB" duration-ms="20635" status="PASS">
          <params>
            <param index="0">
              <value>
                <![CDATA["Tambah trainer negative masukkan foto dengan pdf"]]>
              </value>
            </param>
            <param index="1">
              <value>
                <![CDATA["Menambah About Negative"]]>
              </value>
            </param>
          </params>
          <reporter-output>
          </reporter-output>
        </test-method> <!-- runScenario -->
        <test-method signature="runScenario(io.cucumber.testng.PickleWrapper,io.cucumber.testng.FeatureWrapper)[pri:0, instance:cucumber.framework.runner.jcadmin.JCAdminRunner@2767e23c]" started-at="2022-10-07T12:39:33 WIB" name="runScenario" description="Runs Cucumber Scenarios" data-provider="scenarios" finished-at="2022-10-07T12:39:53 WIB" duration-ms="20834" status="PASS">
          <params>
            <param index="0">
              <value>
                <![CDATA["Tambah trainer negative masukkan foto dengan mp3"]]>
              </value>
            </param>
            <param index="1">
              <value>
                <![CDATA["Menambah About Negative"]]>
              </value>
            </param>
          </params>
          <reporter-output>
          </reporter-output>
        </test-method> <!-- runScenario -->
        <test-method signature="runScenario(io.cucumber.testng.PickleWrapper,io.cucumber.testng.FeatureWrapper)[pri:0, instance:cucumber.framework.runner.jcadmin.JCAdminRunner@2767e23c]" started-at="2022-10-07T12:39:53 WIB" name="runScenario" description="Runs Cucumber Scenarios" data-provider="scenarios" finished-at="2022-10-07T12:40:14 WIB" duration-ms="20992" status="PASS">
          <params>
            <param index="0">
              <value>
                <![CDATA["Tambah trainer negative invalid input nama"]]>
              </value>
            </param>
            <param index="1">
              <value>
                <![CDATA["Menambah About Negative"]]>
              </value>
            </param>
          </params>
          <reporter-output>
          </reporter-output>
        </test-method> <!-- runScenario -->
        <test-method signature="runScenario(io.cucumber.testng.PickleWrapper,io.cucumber.testng.FeatureWrapper)[pri:0, instance:cucumber.framework.runner.jcadmin.JCAdminRunner@2767e23c]" started-at="2022-10-07T12:40:14 WIB" name="runScenario" description="Runs Cucumber Scenarios" data-provider="scenarios" finished-at="2022-10-07T12:40:36 WIB" duration-ms="21293" status="PASS">
          <params>
            <param index="0">
              <value>
                <![CDATA["Tambah trainer negative invalid input jabatan"]]>
              </value>
            </param>
            <param index="1">
              <value>
                <![CDATA["Menambah About Negative"]]>
              </value>
            </param>
          </params>
          <reporter-output>
          </reporter-output>
        </test-method> <!-- runScenario -->
        <test-method signature="runScenario(io.cucumber.testng.PickleWrapper,io.cucumber.testng.FeatureWrapper)[pri:0, instance:cucumber.framework.runner.jcadmin.JCAdminRunner@2767e23c]" started-at="2022-10-07T12:40:36 WIB" name="runScenario" description="Runs Cucumber Scenarios" data-provider="scenarios" finished-at="2022-10-07T12:40:58 WIB" duration-ms="22561" status="PASS">
          <params>
            <param index="0">
              <value>
                <![CDATA["Tambah trainer negative invalid input profile"]]>
              </value>
            </param>
            <param index="1">
              <value>
                <![CDATA["Menambah About Negative"]]>
              </value>
            </param>
          </params>
          <reporter-output>
          </reporter-output>
        </test-method> <!-- runScenario -->
        <test-method signature="runScenario(io.cucumber.testng.PickleWrapper,io.cucumber.testng.FeatureWrapper)[pri:0, instance:cucumber.framework.runner.jcadmin.JCAdminRunner@2767e23c]" started-at="2022-10-07T12:40:58 WIB" name="runScenario" description="Runs Cucumber Scenarios" data-provider="scenarios" finished-at="2022-10-07T12:41:27 WIB" duration-ms="29200" status="FAIL">
          <params>
            <param index="0">
              <value>
                <![CDATA["Tambah trainer negative input nama500 karakter"]]>
              </value>
            </param>
            <param index="1">
              <value>
                <![CDATA["Menambah About Negative"]]>
              </value>
            </param>
          </params>
          <exception class="java.lang.AssertionError">
            <message>
              <![CDATA[expected [NicoArdyTestPanjangggggggggggggggggggggggggggggggggggggggggggggggggggggggggggggggggggggggggggggggggggggggggggggggggggggggggggggggggggggggggggggggggggggggggggggggggggggggggggggggggggggggggggggggggggggggggggggggggggggggggggggggggggggggggggggggggggggggggggggggggggggggggggggggggggggggggggggggggggggggggggggggggggggggggggggggggggggggggggggggggggggggggggggggggggggggggggggggggggggggggggggggggggggggggggggggggggggggggggggggggggggggggggggggggggggggggggggggggggggggggggggggggggggggggggggggggggggggggggggggggg] but found [NicoArdyTestPanjangggggggggggggggggggggggggggggggggggggggggggggggggggggggggggggggggggggggggggggggggg]]]>
            </message>
            <full-stacktrace>
              <![CDATA[java.lang.AssertionError: expected [NicoArdyTestPanjangggggggggggggggggggggggggggggggggggggggggggggggggggggggggggggggggggggggggggggggggggggggggggggggggggggggggggggggggggggggggggggggggggggggggggggggggggggggggggggggggggggggggggggggggggggggggggggggggggggggggggggggggggggggggggggggggggggggggggggggggggggggggggggggggggggggggggggggggggggggggggggggggggggggggggggggggggggggggggggggggggggggggggggggggggggggggggggggggggggggggggggggggggggggggggggggggggggggggggggggggggggggggggggggggggggggggggggggggggggggggggggggggggggggggggggggggggggggggggggggggg] but found [NicoArdyTestPanjangggggggggggggggggggggggggggggggggggggggggggggggggggggggggggggggggggggggggggggggggg]
at org.testng.Assert.fail(Assert.java:110)
at org.testng.Assert.failNotEquals(Assert.java:1413)
at org.testng.Assert.assertEqualsImpl(Assert.java:149)
at org.testng.Assert.assertEquals(Assert.java:131)
at org.testng.Assert.assertEquals(Assert.java:655)
at org.testng.Assert.assertEquals(Assert.java:665)
at cucumber.framework.runner.jcadmin.JCAdminAboutAddTrainerNegativeImpl.ab007n_admin_menekan_tombol_simpan_dan_cari_trainer_input_nama500_karakter(JCAdminAboutAddTrainerNegativeImpl.java:208)
at ✽.AB007N Admin menekan tombol simpan dan cari trainer input nama500 karakter(file:///C:/TRAINING/TA/TA-NICO/TA-NICO/src/main/resources/jcadmin/005About002AddTrainerNegative.feature:43)
]]>
            </full-stacktrace>
          </exception> <!-- java.lang.AssertionError -->
          <reporter-output>
          </reporter-output>
        </test-method> <!-- runScenario -->
        <test-method signature="runScenario(io.cucumber.testng.PickleWrapper,io.cucumber.testng.FeatureWrapper)[pri:0, instance:cucumber.framework.runner.jcadmin.JCAdminRunner@2767e23c]" started-at="2022-10-07T12:41:27 WIB" name="runScenario" description="Runs Cucumber Scenarios" data-provider="scenarios" finished-at="2022-10-07T12:41:57 WIB" duration-ms="30032" status="FAIL">
          <params>
            <param index="0">
              <value>
                <![CDATA["Tambah trainer negative input jabatan500 karakter"]]>
              </value>
            </param>
            <param index="1">
              <value>
                <![CDATA["Menambah About Negative"]]>
              </value>
            </param>
          </params>
          <exception class="java.lang.AssertionError">
            <message>
              <![CDATA[expected [NicoArdyTestJabatanPanjanggggggggggggggggggggggggggggggggggggggggggggggggggggggggggggggggggggggggggggggggggggggggggggggggggggggggggggggggggggggggggggggggggggggggggggggggggggggggggggggggggggggggggggggggggggggggggggggggggggggggggggggggggggggggggggggggggggggggggggggggggggggggggggggggggggggggggggggggggggggggggggggggggggggggggggggggggggggggggggggggggggggggggggggggggggggggggggggggggggggggggggggggggggggggggggggggggggggggggggggggggggggggggggggggggggggggggggggggggggggggggggggggggggggggggggggggggggggggggg] but found [NicoArdyTestJabatanPanjanggggggggggggggggggggggggggggggggggggggggggggggggggggggggggggggggggggggggggggggggggggggggggggggggggggggggggggggggggggggggggggggggggggggggggggggggggggggggggggggggggggggggggggggg]]]>
            </message>
            <full-stacktrace>
              <![CDATA[java.lang.AssertionError: expected [NicoArdyTestJabatanPanjanggggggggggggggggggggggggggggggggggggggggggggggggggggggggggggggggggggggggggggggggggggggggggggggggggggggggggggggggggggggggggggggggggggggggggggggggggggggggggggggggggggggggggggggggggggggggggggggggggggggggggggggggggggggggggggggggggggggggggggggggggggggggggggggggggggggggggggggggggggggggggggggggggggggggggggggggggggggggggggggggggggggggggggggggggggggggggggggggggggggggggggggggggggggggggggggggggggggggggggggggggggggggggggggggggggggggggggggggggggggggggggggggggggggggggggggggggggggggggg] but found [NicoArdyTestJabatanPanjanggggggggggggggggggggggggggggggggggggggggggggggggggggggggggggggggggggggggggggggggggggggggggggggggggggggggggggggggggggggggggggggggggggggggggggggggggggggggggggggggggggggggggggggg]
at org.testng.Assert.fail(Assert.java:110)
at org.testng.Assert.failNotEquals(Assert.java:1413)
at org.testng.Assert.assertEqualsImpl(Assert.java:149)
at org.testng.Assert.assertEquals(Assert.java:131)
at org.testng.Assert.assertEquals(Assert.java:655)
at org.testng.Assert.assertEquals(Assert.java:665)
at cucumber.framework.runner.jcadmin.JCAdminAboutAddTrainerNegativeImpl.ab008n_admin_menekan_tombol_simpan_dan_cari_trainer_input_jabatan500_karakter(JCAdminAboutAddTrainerNegativeImpl.java:247)
at ✽.AB008N Admin menekan tombol simpan dan cari trainer input jabatan500 karakter(file:///C:/TRAINING/TA/TA-NICO/TA-NICO/src/main/resources/jcadmin/005About002AddTrainerNegative.feature:50)
]]>
            </full-stacktrace>
          </exception> <!-- java.lang.AssertionError -->
          <reporter-output>
          </reporter-output>
        </test-method> <!-- runScenario -->
        <test-method signature="runScenario(io.cucumber.testng.PickleWrapper,io.cucumber.testng.FeatureWrapper)[pri:0, instance:cucumber.framework.runner.jcadmin.JCAdminRunner@2767e23c]" started-at="2022-10-07T12:41:58 WIB" name="runScenario" description="Runs Cucumber Scenarios" data-provider="scenarios" finished-at="2022-10-07T12:42:26 WIB" duration-ms="28641" status="PASS">
          <params>
            <param index="0">
              <value>
                <![CDATA["Tambah trainer negative input profile500 karakter"]]>
              </value>
            </param>
            <param index="1">
              <value>
                <![CDATA["Menambah About Negative"]]>
              </value>
            </param>
          </params>
          <reporter-output>
          </reporter-output>
        </test-method> <!-- runScenario -->
        <test-method signature="runScenario(io.cucumber.testng.PickleWrapper,io.cucumber.testng.FeatureWrapper)[pri:0, instance:cucumber.framework.runner.jcadmin.JCAdminRunner@2767e23c]" started-at="2022-10-07T12:42:26 WIB" name="runScenario" description="Runs Cucumber Scenarios" data-provider="scenarios" finished-at="2022-10-07T12:42:39 WIB" duration-ms="13306" status="PASS">
          <params>
            <param index="0">
              <value>
                <![CDATA["Mencari data trainer"]]>
              </value>
            </param>
            <param index="1">
              <value>
                <![CDATA["Cari Trainer dan Berpindah Halaman"]]>
              </value>
            </param>
          </params>
          <reporter-output>
          </reporter-output>
        </test-method> <!-- runScenario -->
        <test-method signature="runScenario(io.cucumber.testng.PickleWrapper,io.cucumber.testng.FeatureWrapper)[pri:0, instance:cucumber.framework.runner.jcadmin.JCAdminRunner@2767e23c]" started-at="2022-10-07T12:42:39 WIB" name="runScenario" description="Runs Cucumber Scenarios" data-provider="scenarios" finished-at="2022-10-07T12:42:48 WIB" duration-ms="9014" status="PASS">
          <params>
            <param index="0">
              <value>
                <![CDATA["Berpindah halaman list trainer"]]>
              </value>
            </param>
            <param index="1">
              <value>
                <![CDATA["Cari Trainer dan Berpindah Halaman"]]>
              </value>
            </param>
          </params>
          <reporter-output>
          </reporter-output>
        </test-method> <!-- runScenario -->
        <test-method signature="runScenario(io.cucumber.testng.PickleWrapper,io.cucumber.testng.FeatureWrapper)[pri:0, instance:cucumber.framework.runner.jcadmin.JCAdminRunner@2767e23c]" started-at="2022-10-07T12:42:48 WIB" name="runScenario" description="Runs Cucumber Scenarios" data-provider="scenarios" finished-at="2022-10-07T12:43:01 WIB" duration-ms="12197" status="PASS">
          <params>
            <param index="0">
              <value>
                <![CDATA["Mencari data trainer dengan nama500 karakter"]]>
              </value>
            </param>
            <param index="1">
              <value>
                <![CDATA["Mencari Trainer dan Berpindah Halaman Negative"]]>
              </value>
            </param>
          </params>
          <reporter-output>
          </reporter-output>
        </test-method> <!-- runScenario -->
        <test-method signature="runScenario(io.cucumber.testng.PickleWrapper,io.cucumber.testng.FeatureWrapper)[pri:0, instance:cucumber.framework.runner.jcadmin.JCAdminRunner@2767e23c]" started-at="2022-10-07T12:43:01 WIB" name="runScenario" description="Runs Cucumber Scenarios" data-provider="scenarios" finished-at="2022-10-07T12:43:13 WIB" duration-ms="11882" status="PASS">
          <params>
            <param index="0">
              <value>
                <![CDATA["Mencari data trainer dengan sebagian nama500 karakter"]]>
              </value>
            </param>
            <param index="1">
              <value>
                <![CDATA["Mencari Trainer dan Berpindah Halaman Negative"]]>
              </value>
            </param>
          </params>
          <reporter-output>
          </reporter-output>
        </test-method> <!-- runScenario -->
        <test-method signature="runScenario(io.cucumber.testng.PickleWrapper,io.cucumber.testng.FeatureWrapper)[pri:0, instance:cucumber.framework.runner.jcadmin.JCAdminRunner@2767e23c]" started-at="2022-10-07T12:43:13 WIB" name="runScenario" description="Runs Cucumber Scenarios" data-provider="scenarios" finished-at="2022-10-07T12:43:24 WIB" duration-ms="11947" status="PASS">
          <params>
            <param index="0">
              <value>
                <![CDATA["Mencari data trainer dengan Jabatan"]]>
              </value>
            </param>
            <param index="1">
              <value>
                <![CDATA["Mencari Trainer dan Berpindah Halaman Negative"]]>
              </value>
            </param>
          </params>
          <reporter-output>
          </reporter-output>
        </test-method> <!-- runScenario -->
        <test-method signature="runScenario(io.cucumber.testng.PickleWrapper,io.cucumber.testng.FeatureWrapper)[pri:0, instance:cucumber.framework.runner.jcadmin.JCAdminRunner@2767e23c]" started-at="2022-10-07T12:43:24 WIB" name="runScenario" description="Runs Cucumber Scenarios" data-provider="scenarios" finished-at="2022-10-07T12:43:37 WIB" duration-ms="12105" status="PASS">
          <params>
            <param index="0">
              <value>
                <![CDATA["Mencari data trainer dengan Profile"]]>
              </value>
            </param>
            <param index="1">
              <value>
                <![CDATA["Mencari Trainer dan Berpindah Halaman Negative"]]>
              </value>
            </param>
          </params>
          <reporter-output>
          </reporter-output>
        </test-method> <!-- runScenario -->
        <test-method signature="runScenario(io.cucumber.testng.PickleWrapper,io.cucumber.testng.FeatureWrapper)[pri:0, instance:cucumber.framework.runner.jcadmin.JCAdminRunner@2767e23c]" started-at="2022-10-07T12:43:37 WIB" name="runScenario" description="Runs Cucumber Scenarios" data-provider="scenarios" finished-at="2022-10-07T12:43:48 WIB" duration-ms="11557" status="PASS">
          <params>
            <param index="0">
              <value>
                <![CDATA["Mencari data trainer dengan nomor data"]]>
              </value>
            </param>
            <param index="1">
              <value>
                <![CDATA["Mencari Trainer dan Berpindah Halaman Negative"]]>
              </value>
            </param>
          </params>
          <reporter-output>
          </reporter-output>
        </test-method> <!-- runScenario -->
        <test-method signature="runScenario(io.cucumber.testng.PickleWrapper,io.cucumber.testng.FeatureWrapper)[pri:0, instance:cucumber.framework.runner.jcadmin.JCAdminRunner@2767e23c]" started-at="2022-10-07T12:43:48 WIB" name="runScenario" description="Runs Cucumber Scenarios" data-provider="scenarios" finished-at="2022-10-07T12:43:59 WIB" duration-ms="11066" status="PASS">
          <params>
            <param index="0">
              <value>
                <![CDATA["Mengedit data trainer publish No Active"]]>
              </value>
            </param>
            <param index="1">
              <value>
                <![CDATA["Mengedit Trainer"]]>
              </value>
            </param>
          </params>
          <reporter-output>
          </reporter-output>
        </test-method> <!-- runScenario -->
        <test-method signature="runScenario(io.cucumber.testng.PickleWrapper,io.cucumber.testng.FeatureWrapper)[pri:0, instance:cucumber.framework.runner.jcadmin.JCAdminRunner@2767e23c]" started-at="2022-10-07T12:43:59 WIB" name="runScenario" description="Runs Cucumber Scenarios" data-provider="scenarios" finished-at="2022-10-07T12:44:11 WIB" duration-ms="11387" status="PASS">
          <params>
            <param index="0">
              <value>
                <![CDATA["Mengedit data trainer publish Active"]]>
              </value>
            </param>
            <param index="1">
              <value>
                <![CDATA["Mengedit Trainer"]]>
              </value>
            </param>
          </params>
          <reporter-output>
          </reporter-output>
        </test-method> <!-- runScenario -->
        <test-method signature="runScenario(io.cucumber.testng.PickleWrapper,io.cucumber.testng.FeatureWrapper)[pri:0, instance:cucumber.framework.runner.jcadmin.JCAdminRunner@2767e23c]" started-at="2022-10-07T12:44:11 WIB" name="runScenario" description="Runs Cucumber Scenarios" data-provider="scenarios" finished-at="2022-10-07T12:44:23 WIB" duration-ms="12550" status="PASS">
          <params>
            <param index="0">
              <value>
                <![CDATA["Mengubah foto trainer"]]>
              </value>
            </param>
            <param index="1">
              <value>
                <![CDATA["Mengedit Trainer"]]>
              </value>
            </param>
          </params>
          <reporter-output>
          </reporter-output>
        </test-method> <!-- runScenario -->
        <test-method signature="runScenario(io.cucumber.testng.PickleWrapper,io.cucumber.testng.FeatureWrapper)[pri:0, instance:cucumber.framework.runner.jcadmin.JCAdminRunner@2767e23c]" started-at="2022-10-07T12:44:23 WIB" name="runScenario" description="Runs Cucumber Scenarios" data-provider="scenarios" finished-at="2022-10-07T12:44:34 WIB" duration-ms="10843" status="PASS">
          <params>
            <param index="0">
              <value>
                <![CDATA["Mengubah nama trainer"]]>
              </value>
            </param>
            <param index="1">
              <value>
                <![CDATA["Mengedit Trainer"]]>
              </value>
            </param>
          </params>
          <reporter-output>
          </reporter-output>
        </test-method> <!-- runScenario -->
        <test-method signature="runScenario(io.cucumber.testng.PickleWrapper,io.cucumber.testng.FeatureWrapper)[pri:0, instance:cucumber.framework.runner.jcadmin.JCAdminRunner@2767e23c]" started-at="2022-10-07T12:44:34 WIB" name="runScenario" description="Runs Cucumber Scenarios" data-provider="scenarios" finished-at="2022-10-07T12:44:45 WIB" duration-ms="10716" status="PASS">
          <params>
            <param index="0">
              <value>
                <![CDATA["Mengubah jabatan trainer"]]>
              </value>
            </param>
            <param index="1">
              <value>
                <![CDATA["Mengedit Trainer"]]>
              </value>
            </param>
          </params>
          <reporter-output>
          </reporter-output>
        </test-method> <!-- runScenario -->
        <test-method signature="runScenario(io.cucumber.testng.PickleWrapper,io.cucumber.testng.FeatureWrapper)[pri:0, instance:cucumber.framework.runner.jcadmin.JCAdminRunner@2767e23c]" started-at="2022-10-07T12:44:45 WIB" name="runScenario" description="Runs Cucumber Scenarios" data-provider="scenarios" finished-at="2022-10-07T12:44:56 WIB" duration-ms="11034" status="PASS">
          <params>
            <param index="0">
              <value>
                <![CDATA["Mengubah profile trainer"]]>
              </value>
            </param>
            <param index="1">
              <value>
                <![CDATA["Mengedit Trainer"]]>
              </value>
            </param>
          </params>
          <reporter-output>
          </reporter-output>
        </test-method> <!-- runScenario -->
        <test-method signature="runScenario(io.cucumber.testng.PickleWrapper,io.cucumber.testng.FeatureWrapper)[pri:0, instance:cucumber.framework.runner.jcadmin.JCAdminRunner@2767e23c]" started-at="2022-10-07T12:44:56 WIB" name="runScenario" description="Runs Cucumber Scenarios" data-provider="scenarios" finished-at="2022-10-07T12:45:09 WIB" duration-ms="13725" status="PASS">
          <params>
            <param index="0">
              <value>
                <![CDATA["Mengedit foto trainer negative dengan ekstensi video"]]>
              </value>
            </param>
            <param index="1">
              <value>
                <![CDATA["Edit Foto Trainer Negative"]]>
              </value>
            </param>
          </params>
          <reporter-output>
          </reporter-output>
        </test-method> <!-- runScenario -->
        <test-method signature="runScenario(io.cucumber.testng.PickleWrapper,io.cucumber.testng.FeatureWrapper)[pri:0, instance:cucumber.framework.runner.jcadmin.JCAdminRunner@2767e23c]" started-at="2022-10-07T12:45:09 WIB" name="runScenario" description="Runs Cucumber Scenarios" data-provider="scenarios" finished-at="2022-10-07T12:45:22 WIB" duration-ms="12923" status="PASS">
          <params>
            <param index="0">
              <value>
                <![CDATA["Mengedit foto trainer negative dengan ekstensi document"]]>
              </value>
            </param>
            <param index="1">
              <value>
                <![CDATA["Edit Foto Trainer Negative"]]>
              </value>
            </param>
          </params>
          <reporter-output>
          </reporter-output>
        </test-method> <!-- runScenario -->
        <test-method signature="runScenario(io.cucumber.testng.PickleWrapper,io.cucumber.testng.FeatureWrapper)[pri:0, instance:cucumber.framework.runner.jcadmin.JCAdminRunner@2767e23c]" started-at="2022-10-07T12:45:22 WIB" name="runScenario" description="Runs Cucumber Scenarios" data-provider="scenarios" finished-at="2022-10-07T12:45:35 WIB" duration-ms="12616" status="PASS">
          <params>
            <param index="0">
              <value>
                <![CDATA["Mengedit foto trainer negative dengan ekstensi mp3"]]>
              </value>
            </param>
            <param index="1">
              <value>
                <![CDATA["Edit Foto Trainer Negative"]]>
              </value>
            </param>
          </params>
          <reporter-output>
          </reporter-output>
        </test-method> <!-- runScenario -->
        <test-method signature="runScenario(io.cucumber.testng.PickleWrapper,io.cucumber.testng.FeatureWrapper)[pri:0, instance:cucumber.framework.runner.jcadmin.JCAdminRunner@2767e23c]" started-at="2022-10-07T12:45:35 WIB" name="runScenario" description="Runs Cucumber Scenarios" data-provider="scenarios" finished-at="2022-10-07T12:45:44 WIB" duration-ms="9226" status="PASS">
          <params>
            <param index="0">
              <value>
                <![CDATA["Mengedit Nama trainer negative"]]>
              </value>
            </param>
            <param index="1">
              <value>
                <![CDATA["Edit Input Data Trainer Negative"]]>
              </value>
            </param>
          </params>
          <reporter-output>
          </reporter-output>
        </test-method> <!-- runScenario -->
        <test-method signature="runScenario(io.cucumber.testng.PickleWrapper,io.cucumber.testng.FeatureWrapper)[pri:0, instance:cucumber.framework.runner.jcadmin.JCAdminRunner@2767e23c]" started-at="2022-10-07T12:45:44 WIB" name="runScenario" description="Runs Cucumber Scenarios" data-provider="scenarios" finished-at="2022-10-07T12:45:53 WIB" duration-ms="9016" status="PASS">
          <params>
            <param index="0">
              <value>
                <![CDATA["Mengedit Jabatan trainer negative"]]>
              </value>
            </param>
            <param index="1">
              <value>
                <![CDATA["Edit Input Data Trainer Negative"]]>
              </value>
            </param>
          </params>
          <reporter-output>
          </reporter-output>
        </test-method> <!-- runScenario -->
        <test-method signature="runScenario(io.cucumber.testng.PickleWrapper,io.cucumber.testng.FeatureWrapper)[pri:0, instance:cucumber.framework.runner.jcadmin.JCAdminRunner@2767e23c]" started-at="2022-10-07T12:45:53 WIB" name="runScenario" description="Runs Cucumber Scenarios" data-provider="scenarios" finished-at="2022-10-07T12:46:02 WIB" duration-ms="9032" status="PASS">
          <params>
            <param index="0">
              <value>
                <![CDATA["Mengedit Profile trainer negative"]]>
              </value>
            </param>
            <param index="1">
              <value>
                <![CDATA["Edit Input Data Trainer Negative"]]>
              </value>
            </param>
          </params>
          <reporter-output>
          </reporter-output>
        </test-method> <!-- runScenario -->
        <test-method signature="runScenario(io.cucumber.testng.PickleWrapper,io.cucumber.testng.FeatureWrapper)[pri:0, instance:cucumber.framework.runner.jcadmin.JCAdminRunner@2767e23c]" started-at="2022-10-07T12:46:02 WIB" name="runScenario" description="Runs Cucumber Scenarios" data-provider="scenarios" finished-at="2022-10-07T12:46:19 WIB" duration-ms="17179" status="FAIL">
          <params>
            <param index="0">
              <value>
                <![CDATA["Mengedit Nama trainer negative dengan500 karakter"]]>
              </value>
            </param>
            <param index="1">
              <value>
                <![CDATA["Edit Input Data Trainer Negative"]]>
              </value>
            </param>
          </params>
          <exception class="java.lang.AssertionError">
            <message>
              <![CDATA[expected [GantiNamaTrainerrrrrrrrrrrrrrrrrrrrrrrrrrrrrrrrrrrrrrrrrrrrrrrrrrrrrrrrrrrrrrrrrrrrrrrrrrrrrrrrrrrrrrrrrrrrrrrrrrrrrrrrrrrrrrrrrrrrrrrrrrrrrrrrrrrrrrrrrrrrrrrrrrrrrrrrrrrrrrrrrrrrrrrrrrrrrrrrrrrrrrrrrrrrrrrrrrrrrrrrrrrrrrrrrrrrrrrrrrrrrrrrrrrrrrrrrrrrrrrrrrrrrrrrrrrrrrrrrrrrrrrrrrrrrrrrrrrrrrrrrrrrrrrrrrrrrrrrrrrrrrrrrrrrrrrrrrrrrrrrrrrrrrrrrrrrrrrrrrrrrrrrrrrrrrrrrrrrrrrrrrrrrrrrrrrrrrrrrrrrrrrrrrrrrrrrrrrrrrrrrrrrrrrrrrrrrrrrrrrrrrrrrrrrrrrrrrrrrrrrrrrrrrrrrrrrrrrrrrrrrrrrrrrrrrrrrrrrrrrrrrrrr] but found [GantiNamaTrainerrrrrrrrrrrrrrrrrrrrrrrrrrrrrrrrrrrrrrrrrrrrrrrrrrrrrrrrrrrrrrrrrrrrrrrrrrrrrrrrrrrrr]]]>
            </message>
            <full-stacktrace>
              <![CDATA[java.lang.AssertionError: expected [GantiNamaTrainerrrrrrrrrrrrrrrrrrrrrrrrrrrrrrrrrrrrrrrrrrrrrrrrrrrrrrrrrrrrrrrrrrrrrrrrrrrrrrrrrrrrrrrrrrrrrrrrrrrrrrrrrrrrrrrrrrrrrrrrrrrrrrrrrrrrrrrrrrrrrrrrrrrrrrrrrrrrrrrrrrrrrrrrrrrrrrrrrrrrrrrrrrrrrrrrrrrrrrrrrrrrrrrrrrrrrrrrrrrrrrrrrrrrrrrrrrrrrrrrrrrrrrrrrrrrrrrrrrrrrrrrrrrrrrrrrrrrrrrrrrrrrrrrrrrrrrrrrrrrrrrrrrrrrrrrrrrrrrrrrrrrrrrrrrrrrrrrrrrrrrrrrrrrrrrrrrrrrrrrrrrrrrrrrrrrrrrrrrrrrrrrrrrrrrrrrrrrrrrrrrrrrrrrrrrrrrrrrrrrrrrrrrrrrrrrrrrrrrrrrrrrrrrrrrrrrrrrrrrrrrrrrrrrrrrrrrrrrrrrrrrrr] but found [GantiNamaTrainerrrrrrrrrrrrrrrrrrrrrrrrrrrrrrrrrrrrrrrrrrrrrrrrrrrrrrrrrrrrrrrrrrrrrrrrrrrrrrrrrrrrr]
at org.testng.Assert.fail(Assert.java:110)
at org.testng.Assert.failNotEquals(Assert.java:1413)
at org.testng.Assert.assertEqualsImpl(Assert.java:149)
at org.testng.Assert.assertEquals(Assert.java:131)
at org.testng.Assert.assertEquals(Assert.java:655)
at org.testng.Assert.assertEquals(Assert.java:665)
at cucumber.framework.runner.jcadmin.JCAdminAboutEditInputTrainerNegativeImpl.kode_admin_menekan_tombol_enter_input_karakter_pada_keyboard_case(JCAdminAboutEditInputTrainerNegativeImpl.java:101)
at ✽.AB021N Admin menekan tombol enter GantiNamaTrainerrrrrrrrrrrrrrrrrrrrrrrrrrrrrrrrrrrrrrrrrrrrrrrrrrrrrrrrrrrrrrrrrrrrrrrrrrrrrrrrrrrrrrrrrrrrrrrrrrrrrrrrrrrrrrrrrrrrrrrrrrrrrrrrrrrrrrrrrrrrrrrrrrrrrrrrrrrrrrrrrrrrrrrrrrrrrrrrrrrrrrrrrrrrrrrrrrrrrrrrrrrrrrrrrrrrrrrrrrrrrrrrrrrrrrrrrrrrrrrrrrrrrrrrrrrrrrrrrrrrrrrrrrrrrrrrrrrrrrrrrrrrrrrrrrrrrrrrrrrrrrrrrrrrrrrrrrrrrrrrrrrrrrrrrrrrrrrrrrrrrrrrrrrrrrrrrrrrrrrrrrrrrrrrrrrrrrrrrrrrrrrrrrrrrrrrrrrrrrrrrrrrrrrrrrrrrrrrrrrrrrrrrrrrrrrrrrrrrrrrrrrrrrrrrrrrrrrrrrrrrrrrrrrrrrrrrrrrrrrrrrrrr karakter pada keyboard Nama(file:///C:/TRAINING/TA/TA-NICO/TA-NICO/src/main/resources/jcadmin/005About009EditInputTrainerNegative.feature:23)
]]>
            </full-stacktrace>
          </exception> <!-- java.lang.AssertionError -->
          <reporter-output>
          </reporter-output>
        </test-method> <!-- runScenario -->
        <test-method signature="runScenario(io.cucumber.testng.PickleWrapper,io.cucumber.testng.FeatureWrapper)[pri:0, instance:cucumber.framework.runner.jcadmin.JCAdminRunner@2767e23c]" started-at="2022-10-07T12:46:19 WIB" name="runScenario" description="Runs Cucumber Scenarios" data-provider="scenarios" finished-at="2022-10-07T12:46:36 WIB" duration-ms="16979" status="FAIL">
          <params>
            <param index="0">
              <value>
                <![CDATA["Mengedit Jabatan trainer negative dengan500 karakter"]]>
              </value>
            </param>
            <param index="1">
              <value>
                <![CDATA["Edit Input Data Trainer Negative"]]>
              </value>
            </param>
          </params>
          <exception class="java.lang.AssertionError">
            <message>
              <![CDATA[expected [GantiJabatanTrainerrrrrrrrrrrrrrrrrrrrrrrrrrrrrrrrrrrrrrrrrrrrrrrrrrrrrrrrrrrrrrrrrrrrrrrrrrrrrrrrrrrrrrrrrrrrrrrrrrrrrrrrrrrrrrrrrrrrrrrrrrrrrrrrrrrrrrrrrrrrrrrrrrrrrrrrrrrrrrrrrrrrrrrrrrrrrrrrrrrrrrrrrrrrrrrrrrrrrrrrrrrrrrrrrrrrrrrrrrrrrrrrrrrrrrrrrrrrrrrrrrrrrrrrrrrrrrrrrrrrrrrrrrrrrrrrrrrrrrrrrrrrrrrrrrrrrrrrrrrrrrrrrrrrrrrrrrrrrrrrrrrrrrrrrrrrrrrrrrrrrrrrrrrrrrrrrrrrrrrrrrrrrrrrrrrrrrrrrrrrrrrrrrrrrrrrrrrrrrrrrrrrrrrrrrrrrrrrrrrrrrrrrrrrrrrrrrrrrrrrrrrrrrrrrrrrrrrrrrrrrrrrrrrrrrrrrrrrrrrrrr] but found [GantiJabatanTrainerrrrrrrrrrrrrrrrrrrrrrrrrrrrrrrrrrrrrrrrrrrrrrrrrrrrrrrrrrrrrrrrrrrrrrrrrrrrrrrrrrrrrrrrrrrrrrrrrrrrrrrrrrrrrrrrrrrrrrrrrrrrrrrrrrrrrrrrrrrrrrrrrrrrrrrrrrrrrrrrrrrrrrrrrrrrrrrrrrrrrr]]]>
            </message>
            <full-stacktrace>
              <![CDATA[java.lang.AssertionError: expected [GantiJabatanTrainerrrrrrrrrrrrrrrrrrrrrrrrrrrrrrrrrrrrrrrrrrrrrrrrrrrrrrrrrrrrrrrrrrrrrrrrrrrrrrrrrrrrrrrrrrrrrrrrrrrrrrrrrrrrrrrrrrrrrrrrrrrrrrrrrrrrrrrrrrrrrrrrrrrrrrrrrrrrrrrrrrrrrrrrrrrrrrrrrrrrrrrrrrrrrrrrrrrrrrrrrrrrrrrrrrrrrrrrrrrrrrrrrrrrrrrrrrrrrrrrrrrrrrrrrrrrrrrrrrrrrrrrrrrrrrrrrrrrrrrrrrrrrrrrrrrrrrrrrrrrrrrrrrrrrrrrrrrrrrrrrrrrrrrrrrrrrrrrrrrrrrrrrrrrrrrrrrrrrrrrrrrrrrrrrrrrrrrrrrrrrrrrrrrrrrrrrrrrrrrrrrrrrrrrrrrrrrrrrrrrrrrrrrrrrrrrrrrrrrrrrrrrrrrrrrrrrrrrrrrrrrrrrrrrrrrrrrrrrrrrrr] but found [GantiJabatanTrainerrrrrrrrrrrrrrrrrrrrrrrrrrrrrrrrrrrrrrrrrrrrrrrrrrrrrrrrrrrrrrrrrrrrrrrrrrrrrrrrrrrrrrrrrrrrrrrrrrrrrrrrrrrrrrrrrrrrrrrrrrrrrrrrrrrrrrrrrrrrrrrrrrrrrrrrrrrrrrrrrrrrrrrrrrrrrrrrrrrrrr]
at org.testng.Assert.fail(Assert.java:110)
at org.testng.Assert.failNotEquals(Assert.java:1413)
at org.testng.Assert.assertEqualsImpl(Assert.java:149)
at org.testng.Assert.assertEquals(Assert.java:131)
at org.testng.Assert.assertEquals(Assert.java:655)
at org.testng.Assert.assertEquals(Assert.java:665)
at cucumber.framework.runner.jcadmin.JCAdminAboutEditInputTrainerNegativeImpl.kode_admin_menekan_tombol_enter_input_karakter_pada_keyboard_case(JCAdminAboutEditInputTrainerNegativeImpl.java:103)
at ✽.AB022N Admin menekan tombol enter GantiJabatanTrainerrrrrrrrrrrrrrrrrrrrrrrrrrrrrrrrrrrrrrrrrrrrrrrrrrrrrrrrrrrrrrrrrrrrrrrrrrrrrrrrrrrrrrrrrrrrrrrrrrrrrrrrrrrrrrrrrrrrrrrrrrrrrrrrrrrrrrrrrrrrrrrrrrrrrrrrrrrrrrrrrrrrrrrrrrrrrrrrrrrrrrrrrrrrrrrrrrrrrrrrrrrrrrrrrrrrrrrrrrrrrrrrrrrrrrrrrrrrrrrrrrrrrrrrrrrrrrrrrrrrrrrrrrrrrrrrrrrrrrrrrrrrrrrrrrrrrrrrrrrrrrrrrrrrrrrrrrrrrrrrrrrrrrrrrrrrrrrrrrrrrrrrrrrrrrrrrrrrrrrrrrrrrrrrrrrrrrrrrrrrrrrrrrrrrrrrrrrrrrrrrrrrrrrrrrrrrrrrrrrrrrrrrrrrrrrrrrrrrrrrrrrrrrrrrrrrrrrrrrrrrrrrrrrrrrrrrrrrrrrrrr karakter pada keyboard Jabatan(file:///C:/TRAINING/TA/TA-NICO/TA-NICO/src/main/resources/jcadmin/005About009EditInputTrainerNegative.feature:23)
]]>
            </full-stacktrace>
          </exception> <!-- java.lang.AssertionError -->
          <reporter-output>
          </reporter-output>
        </test-method> <!-- runScenario -->
        <test-method signature="runScenario(io.cucumber.testng.PickleWrapper,io.cucumber.testng.FeatureWrapper)[pri:0, instance:cucumber.framework.runner.jcadmin.JCAdminRunner@2767e23c]" started-at="2022-10-07T12:46:36 WIB" name="runScenario" description="Runs Cucumber Scenarios" data-provider="scenarios" finished-at="2022-10-07T12:46:54 WIB" duration-ms="17029" status="PASS">
          <params>
            <param index="0">
              <value>
                <![CDATA["Mengedit Profile trainer negative dengan500 karakter"]]>
              </value>
            </param>
            <param index="1">
              <value>
                <![CDATA["Edit Input Data Trainer Negative"]]>
              </value>
            </param>
          </params>
          <reporter-output>
          </reporter-output>
        </test-method> <!-- runScenario -->
        <test-method signature="runScenario(io.cucumber.testng.PickleWrapper,io.cucumber.testng.FeatureWrapper)[pri:0, instance:cucumber.framework.runner.jcadmin.JCAdminRunner@2767e23c]" started-at="2022-10-07T12:46:54 WIB" name="runScenario" description="Runs Cucumber Scenarios" data-provider="scenarios" finished-at="2022-10-07T12:47:13 WIB" duration-ms="19369" status="PASS">
          <params>
            <param index="0">
              <value>
                <![CDATA["Negative : Mengubah foto trainer edit cari"]]>
              </value>
            </param>
            <param index="1">
              <value>
                <![CDATA["Mencari dan Mengedit Trainer"]]>
              </value>
            </param>
          </params>
          <reporter-output>
          </reporter-output>
        </test-method> <!-- runScenario -->
        <test-method signature="runScenario(io.cucumber.testng.PickleWrapper,io.cucumber.testng.FeatureWrapper)[pri:0, instance:cucumber.framework.runner.jcadmin.JCAdminRunner@2767e23c]" started-at="2022-10-07T12:47:13 WIB" name="runScenario" description="Runs Cucumber Scenarios" data-provider="scenarios" finished-at="2022-10-07T12:47:31 WIB" duration-ms="17673" status="PASS">
          <params>
            <param index="0">
              <value>
                <![CDATA["Negative : Mengubah nama trainer edit cari"]]>
              </value>
            </param>
            <param index="1">
              <value>
                <![CDATA["Mencari dan Mengedit Trainer"]]>
              </value>
            </param>
          </params>
          <reporter-output>
          </reporter-output>
        </test-method> <!-- runScenario -->
        <test-method signature="runScenario(io.cucumber.testng.PickleWrapper,io.cucumber.testng.FeatureWrapper)[pri:0, instance:cucumber.framework.runner.jcadmin.JCAdminRunner@2767e23c]" started-at="2022-10-07T12:47:31 WIB" name="runScenario" description="Runs Cucumber Scenarios" data-provider="scenarios" finished-at="2022-10-07T12:47:48 WIB" duration-ms="17328" status="PASS">
          <params>
            <param index="0">
              <value>
                <![CDATA["Negative : Mengubah jabatan trainer edit cari"]]>
              </value>
            </param>
            <param index="1">
              <value>
                <![CDATA["Mencari dan Mengedit Trainer"]]>
              </value>
            </param>
          </params>
          <reporter-output>
          </reporter-output>
        </test-method> <!-- runScenario -->
        <test-method signature="runScenario(io.cucumber.testng.PickleWrapper,io.cucumber.testng.FeatureWrapper)[pri:0, instance:cucumber.framework.runner.jcadmin.JCAdminRunner@2767e23c]" started-at="2022-10-07T12:47:48 WIB" name="runScenario" description="Runs Cucumber Scenarios" data-provider="scenarios" finished-at="2022-10-07T12:48:06 WIB" duration-ms="18194" status="PASS">
          <params>
            <param index="0">
              <value>
                <![CDATA["Negative : Mengubah profile trainer edit cari"]]>
              </value>
            </param>
            <param index="1">
              <value>
                <![CDATA["Mencari dan Mengedit Trainer"]]>
              </value>
            </param>
          </params>
          <reporter-output>
          </reporter-output>
        </test-method> <!-- runScenario -->
        <test-method signature="runScenario(io.cucumber.testng.PickleWrapper,io.cucumber.testng.FeatureWrapper)[pri:0, instance:cucumber.framework.runner.jcadmin.JCAdminRunner@2767e23c]" started-at="2022-10-07T12:48:06 WIB" name="runScenario" description="Runs Cucumber Scenarios" data-provider="scenarios" finished-at="2022-10-07T12:48:27 WIB" duration-ms="21224" status="PASS">
          <params>
            <param index="0">
              <value>
                <![CDATA["Negative : Mengedit data trainer publish No Active edit cari"]]>
              </value>
            </param>
            <param index="1">
              <value>
                <![CDATA["Mencari dan Mengedit Trainer"]]>
              </value>
            </param>
          </params>
          <reporter-output>
          </reporter-output>
        </test-method> <!-- runScenario -->
        <test-method signature="runScenario(io.cucumber.testng.PickleWrapper,io.cucumber.testng.FeatureWrapper)[pri:0, instance:cucumber.framework.runner.jcadmin.JCAdminRunner@2767e23c]" started-at="2022-10-07T12:48:27 WIB" name="runScenario" description="Runs Cucumber Scenarios" data-provider="scenarios" finished-at="2022-10-07T12:48:47 WIB" duration-ms="19994" status="PASS">
          <params>
            <param index="0">
              <value>
                <![CDATA["Negative : Mengedit data trainer publish Active edit cari"]]>
              </value>
            </param>
            <param index="1">
              <value>
                <![CDATA["Mencari dan Mengedit Trainer"]]>
              </value>
            </param>
          </params>
          <reporter-output>
          </reporter-output>
        </test-method> <!-- runScenario -->
        <test-method signature="runScenario(io.cucumber.testng.PickleWrapper,io.cucumber.testng.FeatureWrapper)[pri:0, instance:cucumber.framework.runner.jcadmin.JCAdminRunner@2767e23c]" started-at="2022-10-07T12:48:47 WIB" name="runScenario" description="Runs Cucumber Scenarios" data-provider="scenarios" finished-at="2022-10-07T12:49:08 WIB" duration-ms="21196" status="FAIL">
          <params>
            <param index="0">
              <value>
                <![CDATA["Admin mengubah foto blog"]]>
              </value>
            </param>
            <param index="1">
              <value>
                <![CDATA["Mencari dan Mengedit Blog Negative"]]>
              </value>
            </param>
          </params>
          <exception class="java.lang.AssertionError">
            <message>
              <![CDATA[expected [true] but found [false]]]>
            </message>
            <full-stacktrace>
              <![CDATA[java.lang.AssertionError: expected [true] but found [false]
at org.testng.Assert.fail(Assert.java:110)
at org.testng.Assert.failNotEquals(Assert.java:1413)
at org.testng.Assert.assertTrue(Assert.java:56)
at org.testng.Assert.assertTrue(Assert.java:66)
at cucumber.framework.runner.jcadmin.JCAdminBlogFindAndEditNegativeImpl.bl001n_admin_menekan_button_simpan_blog_edit_foto(JCAdminBlogFindAndEditNegativeImpl.java:55)
at ✽.BL001N Admin menekan button simpan blog edit foto(file:///C:/TRAINING/TA/TA-NICO/TA-NICO/src/main/resources/jcadmin/006Blog005FindAndEditBlogNegative.feature:12)
]]>
            </full-stacktrace>
          </exception> <!-- java.lang.AssertionError -->
          <reporter-output>
          </reporter-output>
        </test-method> <!-- runScenario -->
        <test-method signature="runScenario(io.cucumber.testng.PickleWrapper,io.cucumber.testng.FeatureWrapper)[pri:0, instance:cucumber.framework.runner.jcadmin.JCAdminRunner@2767e23c]" started-at="2022-10-07T12:49:08 WIB" name="runScenario" description="Runs Cucumber Scenarios" data-provider="scenarios" finished-at="2022-10-07T12:49:22 WIB" duration-ms="13149" status="FAIL">
          <params>
            <param index="0">
              <value>
                <![CDATA["Admin mengubah judul blog"]]>
              </value>
            </param>
            <param index="1">
              <value>
                <![CDATA["Mencari dan Mengedit Blog Negative"]]>
              </value>
            </param>
          </params>
          <exception class="org.openqa.selenium.ElementNotInteractableException">
            <message>
              <![CDATA[element not interactable
  (Session info: chrome=106.0.5249.103)
Build info: version: '4.4.0', revision: 'e5c75ed026a'
System info: host: 'DESKTOP-7EJ77M7', ip: '10.0.0.168', os.name: 'Windows 10', os.arch: 'amd64', os.version: '10.0', java.version: '17.0.4'
Driver info: org.openqa.selenium.chrome.ChromeDriver
Command: [37f922dd99b08f7ccdeb5db3f12a7c42, sendKeysToElement {id=4ff06f77-2866-471e-b319-3db5601eff55, value=[Ljava.lang.CharSequence;@488ae823}]
Capabilities {acceptInsecureCerts: false, browserName: chrome, browserVersion: 106.0.5249.103, chrome: {chromedriverVersion: 106.0.5249.61 (511755355844..., userDataDir: C:\Users\NEXSOFT\AppData\Lo...}, goog:chromeOptions: {debuggerAddress: localhost:50978}, networkConnectionEnabled: false, pageLoadStrategy: normal, platformName: WINDOWS, proxy: Proxy(), se:cdp: ws://localhost:50978/devtoo..., se:cdpVersion: 106.0.5249.103, setWindowRect: true, strictFileInteractability: false, timeouts: {implicit: 0, pageLoad: 300000, script: 30000}, unhandledPromptBehavior: dismiss and notify, webauthn:extension:credBlob: true, webauthn:extension:largeBlob: true, webauthn:virtualAuthenticators: true}
Element: [[ChromeDriver: chrome on WINDOWS (37f922dd99b08f7ccdeb5db3f12a7c42)] -> xpath: //input[@id='judul']]
Session ID: 37f922dd99b08f7ccdeb5db3f12a7c42]]>
            </message>
            <full-stacktrace>
              <![CDATA[org.openqa.selenium.ElementNotInteractableException: element not interactable
  (Session info: chrome=106.0.5249.103)
Build info: version: '4.4.0', revision: 'e5c75ed026a'
System info: host: 'DESKTOP-7EJ77M7', ip: '10.0.0.168', os.name: 'Windows 10', os.arch: 'amd64', os.version: '10.0', java.version: '17.0.4'
Driver info: org.openqa.selenium.chrome.ChromeDriver
Command: [37f922dd99b08f7ccdeb5db3f12a7c42, sendKeysToElement {id=4ff06f77-2866-471e-b319-3db5601eff55, value=[Ljava.lang.CharSequence;@488ae823}]
Capabilities {acceptInsecureCerts: false, browserName: chrome, browserVersion: 106.0.5249.103, chrome: {chromedriverVersion: 106.0.5249.61 (511755355844..., userDataDir: C:\Users\NEXSOFT\AppData\Lo...}, goog:chromeOptions: {debuggerAddress: localhost:50978}, networkConnectionEnabled: false, pageLoadStrategy: normal, platformName: WINDOWS, proxy: Proxy(), se:cdp: ws://localhost:50978/devtoo..., se:cdpVersion: 106.0.5249.103, setWindowRect: true, strictFileInteractability: false, timeouts: {implicit: 0, pageLoad: 300000, script: 30000}, unhandledPromptBehavior: dismiss and notify, webauthn:extension:credBlob: true, webauthn:extension:largeBlob: true, webauthn:virtualAuthenticators: true}
Element: [[ChromeDriver: chrome on WINDOWS (37f922dd99b08f7ccdeb5db3f12a7c42)] -> xpath: //input[@id='judul']]
Session ID: 37f922dd99b08f7ccdeb5db3f12a7c42
at java.base/jdk.internal.reflect.NativeConstructorAccessorImpl.newInstance0(Native Method)
at java.base/jdk.internal.reflect.NativeConstructorAccessorImpl.newInstance(NativeConstructorAccessorImpl.java:77)
at java.base/jdk.internal.reflect.DelegatingConstructorAccessorImpl.newInstance(DelegatingConstructorAccessorImpl.java:45)
at java.base/java.lang.reflect.Constructor.newInstanceWithCaller(Constructor.java:499)
at java.base/java.lang.reflect.Constructor.newInstance(Constructor.java:480)
at org.openqa.selenium.remote.codec.w3c.W3CHttpResponseCodec.createException(W3CHttpResponseCodec.java:200)
at org.openqa.selenium.remote.codec.w3c.W3CHttpResponseCodec.decode(W3CHttpResponseCodec.java:133)
at org.openqa.selenium.remote.codec.w3c.W3CHttpResponseCodec.decode(W3CHttpResponseCodec.java:53)
at org.openqa.selenium.remote.HttpCommandExecutor.execute(HttpCommandExecutor.java:184)
at org.openqa.selenium.remote.service.DriverCommandExecutor.invokeExecute(DriverCommandExecutor.java:167)
at org.openqa.selenium.remote.service.DriverCommandExecutor.execute(DriverCommandExecutor.java:142)
at org.openqa.selenium.remote.RemoteWebDriver.execute(RemoteWebDriver.java:547)
at org.openqa.selenium.remote.RemoteWebElement.execute(RemoteWebElement.java:257)
at org.openqa.selenium.remote.RemoteWebElement.sendKeys(RemoteWebElement.java:113)
at jdk.internal.reflect.GeneratedMethodAccessor107.invoke(Unknown Source)
at java.base/jdk.internal.reflect.DelegatingMethodAccessorImpl.invoke(DelegatingMethodAccessorImpl.java:43)
at java.base/java.lang.reflect.Method.invoke(Method.java:568)
at org.openqa.selenium.support.pagefactory.internal.LocatingElementHandler.invoke(LocatingElementHandler.java:52)
at jdk.proxy2/jdk.proxy2.$Proxy31.sendKeys(Unknown Source)
at cucumber.framework.page.jcadmin.JCAdminBlogPage.editJudulBlog(JCAdminBlogPage.java:198)
at cucumber.framework.runner.jcadmin.JCAdminBlogFindAndEditNegativeImpl.bl002n_admin_mengubah_judul_blog_edit_judul(JCAdminBlogFindAndEditNegativeImpl.java:78)
at ✽.BL002N Admin mengubah judul blog edit judul(file:///C:/TRAINING/TA/TA-NICO/TA-NICO/src/main/resources/jcadmin/006Blog005FindAndEditBlogNegative.feature:17)
]]>
            </full-stacktrace>
          </exception> <!-- org.openqa.selenium.ElementNotInteractableException -->
          <reporter-output>
          </reporter-output>
        </test-method> <!-- runScenario -->
        <test-method signature="runScenario(io.cucumber.testng.PickleWrapper,io.cucumber.testng.FeatureWrapper)[pri:0, instance:cucumber.framework.runner.jcadmin.JCAdminRunner@2767e23c]" started-at="2022-10-07T12:49:22 WIB" name="runScenario" description="Runs Cucumber Scenarios" data-provider="scenarios" finished-at="2022-10-07T12:49:38 WIB" duration-ms="16066" status="FAIL">
          <params>
            <param index="0">
              <value>
                <![CDATA["Admin mengubah status blog publish Active ke No Active"]]>
              </value>
            </param>
            <param index="1">
              <value>
                <![CDATA["Mencari dan Mengedit Blog Negative"]]>
              </value>
            </param>
          </params>
          <exception class="java.lang.AssertionError">
            <message>
              <![CDATA[expected [No Active] but found [Active]]]>
            </message>
            <full-stacktrace>
              <![CDATA[java.lang.AssertionError: expected [No Active] but found [Active]
at org.testng.Assert.fail(Assert.java:110)
at org.testng.Assert.failNotEquals(Assert.java:1413)
at org.testng.Assert.assertEqualsImpl(Assert.java:149)
at org.testng.Assert.assertEquals(Assert.java:131)
at org.testng.Assert.assertEquals(Assert.java:655)
at org.testng.Assert.assertEquals(Assert.java:665)
at cucumber.framework.runner.jcadmin.JCAdminBlogFindAndEditNegativeImpl.kode_admin_menekan_tombol_simpan_edit_status_status_menjadi_ubah(JCAdminBlogFindAndEditNegativeImpl.java:117)
at ✽.BL003N Admin menekan tombol simpan edit status publish Active menjadi No Active(file:///C:/TRAINING/TA/TA-NICO/TA-NICO/src/main/resources/jcadmin/006Blog005FindAndEditBlogNegative.feature:23)
]]>
            </full-stacktrace>
          </exception> <!-- java.lang.AssertionError -->
          <reporter-output>
          </reporter-output>
        </test-method> <!-- runScenario -->
        <test-method signature="runScenario(io.cucumber.testng.PickleWrapper,io.cucumber.testng.FeatureWrapper)[pri:0, instance:cucumber.framework.runner.jcadmin.JCAdminRunner@2767e23c]" started-at="2022-10-07T12:49:38 WIB" name="runScenario" description="Runs Cucumber Scenarios" data-provider="scenarios" finished-at="2022-10-07T12:49:54 WIB" duration-ms="15883" status="FAIL">
          <params>
            <param index="0">
              <value>
                <![CDATA["Admin mengubah status blog publish Active ke pilih"]]>
              </value>
            </param>
            <param index="1">
              <value>
                <![CDATA["Mencari dan Mengedit Blog Negative"]]>
              </value>
            </param>
          </params>
          <exception class="java.lang.AssertionError">
            <message>
              <![CDATA[expected [pilih] but found [Active]]]>
            </message>
            <full-stacktrace>
              <![CDATA[java.lang.AssertionError: expected [pilih] but found [Active]
at org.testng.Assert.fail(Assert.java:110)
at org.testng.Assert.failNotEquals(Assert.java:1413)
at org.testng.Assert.assertEqualsImpl(Assert.java:149)
at org.testng.Assert.assertEquals(Assert.java:131)
at org.testng.Assert.assertEquals(Assert.java:655)
at org.testng.Assert.assertEquals(Assert.java:665)
at cucumber.framework.runner.jcadmin.JCAdminBlogFindAndEditNegativeImpl.kode_admin_menekan_tombol_simpan_edit_status_status_menjadi_ubah(JCAdminBlogFindAndEditNegativeImpl.java:117)
at ✽.BL004N Admin menekan tombol simpan edit status publish Active menjadi pilih(file:///C:/TRAINING/TA/TA-NICO/TA-NICO/src/main/resources/jcadmin/006Blog005FindAndEditBlogNegative.feature:23)
]]>
            </full-stacktrace>
          </exception> <!-- java.lang.AssertionError -->
          <reporter-output>
          </reporter-output>
        </test-method> <!-- runScenario -->
        <test-method signature="runScenario(io.cucumber.testng.PickleWrapper,io.cucumber.testng.FeatureWrapper)[pri:0, instance:cucumber.framework.runner.jcadmin.JCAdminRunner@2767e23c]" started-at="2022-10-07T12:49:54 WIB" name="runScenario" description="Runs Cucumber Scenarios" data-provider="scenarios" finished-at="2022-10-07T12:50:10 WIB" duration-ms="16204" status="FAIL">
          <params>
            <param index="0">
              <value>
                <![CDATA["Admin mengubah status blog publish No Active ke Active"]]>
              </value>
            </param>
            <param index="1">
              <value>
                <![CDATA["Mencari dan Mengedit Blog Negative"]]>
              </value>
            </param>
          </params>
          <exception class="java.lang.AssertionError">
            <message>
              <![CDATA[expected [Active] but found [No Active]]]>
            </message>
            <full-stacktrace>
              <![CDATA[java.lang.AssertionError: expected [Active] but found [No Active]
at org.testng.Assert.fail(Assert.java:110)
at org.testng.Assert.failNotEquals(Assert.java:1413)
at org.testng.Assert.assertEqualsImpl(Assert.java:149)
at org.testng.Assert.assertEquals(Assert.java:131)
at org.testng.Assert.assertEquals(Assert.java:655)
at org.testng.Assert.assertEquals(Assert.java:665)
at cucumber.framework.runner.jcadmin.JCAdminBlogFindAndEditNegativeImpl.kode_admin_menekan_tombol_simpan_edit_status_status_menjadi_ubah(JCAdminBlogFindAndEditNegativeImpl.java:117)
at ✽.BL005N Admin menekan tombol simpan edit status publish No Active menjadi Active(file:///C:/TRAINING/TA/TA-NICO/TA-NICO/src/main/resources/jcadmin/006Blog005FindAndEditBlogNegative.feature:23)
]]>
            </full-stacktrace>
          </exception> <!-- java.lang.AssertionError -->
          <reporter-output>
          </reporter-output>
        </test-method> <!-- runScenario -->
        <test-method signature="runScenario(io.cucumber.testng.PickleWrapper,io.cucumber.testng.FeatureWrapper)[pri:0, instance:cucumber.framework.runner.jcadmin.JCAdminRunner@2767e23c]" started-at="2022-10-07T12:50:10 WIB" name="runScenario" description="Runs Cucumber Scenarios" data-provider="scenarios" finished-at="2022-10-07T12:50:26 WIB" duration-ms="16475" status="FAIL">
          <params>
            <param index="0">
              <value>
                <![CDATA["Admin mengubah status blog publish No Active ke pilih"]]>
              </value>
            </param>
            <param index="1">
              <value>
                <![CDATA["Mencari dan Mengedit Blog Negative"]]>
              </value>
            </param>
          </params>
          <exception class="java.lang.AssertionError">
            <message>
              <![CDATA[expected [pilih] but found [No Active]]]>
            </message>
            <full-stacktrace>
              <![CDATA[java.lang.AssertionError: expected [pilih] but found [No Active]
at org.testng.Assert.fail(Assert.java:110)
at org.testng.Assert.failNotEquals(Assert.java:1413)
at org.testng.Assert.assertEqualsImpl(Assert.java:149)
at org.testng.Assert.assertEquals(Assert.java:131)
at org.testng.Assert.assertEquals(Assert.java:655)
at org.testng.Assert.assertEquals(Assert.java:665)
at cucumber.framework.runner.jcadmin.JCAdminBlogFindAndEditNegativeImpl.kode_admin_menekan_tombol_simpan_edit_status_status_menjadi_ubah(JCAdminBlogFindAndEditNegativeImpl.java:117)
at ✽.BL006N Admin menekan tombol simpan edit status publish No Active menjadi pilih(file:///C:/TRAINING/TA/TA-NICO/TA-NICO/src/main/resources/jcadmin/006Blog005FindAndEditBlogNegative.feature:23)
]]>
            </full-stacktrace>
          </exception> <!-- java.lang.AssertionError -->
          <reporter-output>
          </reporter-output>
        </test-method> <!-- runScenario -->
        <test-method signature="runScenario(io.cucumber.testng.PickleWrapper,io.cucumber.testng.FeatureWrapper)[pri:0, instance:cucumber.framework.runner.jcadmin.JCAdminRunner@2767e23c]" started-at="2022-10-07T12:50:26 WIB" name="runScenario" description="Runs Cucumber Scenarios" data-provider="scenarios" finished-at="2022-10-07T12:50:42 WIB" duration-ms="15293" status="FAIL">
          <params>
            <param index="0">
              <value>
                <![CDATA["Admin mengubah status blog set to home No ke Yes"]]>
              </value>
            </param>
            <param index="1">
              <value>
                <![CDATA["Mencari dan Mengedit Blog Negative"]]>
              </value>
            </param>
          </params>
          <exception class="java.lang.AssertionError">
            <message>
              <![CDATA[expected [Yes] but found [No]]]>
            </message>
            <full-stacktrace>
              <![CDATA[java.lang.AssertionError: expected [Yes] but found [No]
at org.testng.Assert.fail(Assert.java:110)
at org.testng.Assert.failNotEquals(Assert.java:1413)
at org.testng.Assert.assertEqualsImpl(Assert.java:149)
at org.testng.Assert.assertEquals(Assert.java:131)
at org.testng.Assert.assertEquals(Assert.java:655)
at org.testng.Assert.assertEquals(Assert.java:665)
at cucumber.framework.runner.jcadmin.JCAdminBlogFindAndEditNegativeImpl.kode_admin_menekan_tombol_simpan_edit_status_status_menjadi_ubah(JCAdminBlogFindAndEditNegativeImpl.java:119)
at ✽.BL007N Admin menekan tombol simpan edit status set to home No menjadi Yes(file:///C:/TRAINING/TA/TA-NICO/TA-NICO/src/main/resources/jcadmin/006Blog005FindAndEditBlogNegative.feature:23)
]]>
            </full-stacktrace>
          </exception> <!-- java.lang.AssertionError -->
          <reporter-output>
          </reporter-output>
        </test-method> <!-- runScenario -->
        <test-method signature="runScenario(io.cucumber.testng.PickleWrapper,io.cucumber.testng.FeatureWrapper)[pri:0, instance:cucumber.framework.runner.jcadmin.JCAdminRunner@2767e23c]" started-at="2022-10-07T12:50:42 WIB" name="runScenario" description="Runs Cucumber Scenarios" data-provider="scenarios" finished-at="2022-10-07T12:50:57 WIB" duration-ms="15418" status="FAIL">
          <params>
            <param index="0">
              <value>
                <![CDATA["Admin mengubah status blog set to home Yes ke No"]]>
              </value>
            </param>
            <param index="1">
              <value>
                <![CDATA["Mencari dan Mengedit Blog Negative"]]>
              </value>
            </param>
          </params>
          <exception class="java.lang.AssertionError">
            <message>
              <![CDATA[expected [No] but found [Yes]]]>
            </message>
            <full-stacktrace>
              <![CDATA[java.lang.AssertionError: expected [No] but found [Yes]
at org.testng.Assert.fail(Assert.java:110)
at org.testng.Assert.failNotEquals(Assert.java:1413)
at org.testng.Assert.assertEqualsImpl(Assert.java:149)
at org.testng.Assert.assertEquals(Assert.java:131)
at org.testng.Assert.assertEquals(Assert.java:655)
at org.testng.Assert.assertEquals(Assert.java:665)
at cucumber.framework.runner.jcadmin.JCAdminBlogFindAndEditNegativeImpl.kode_admin_menekan_tombol_simpan_edit_status_status_menjadi_ubah(JCAdminBlogFindAndEditNegativeImpl.java:119)
at ✽.BL008N Admin menekan tombol simpan edit status set to home Yes menjadi No(file:///C:/TRAINING/TA/TA-NICO/TA-NICO/src/main/resources/jcadmin/006Blog005FindAndEditBlogNegative.feature:23)
]]>
            </full-stacktrace>
          </exception> <!-- java.lang.AssertionError -->
          <reporter-output>
          </reporter-output>
        </test-method> <!-- runScenario -->
        <test-method signature="runScenario(io.cucumber.testng.PickleWrapper,io.cucumber.testng.FeatureWrapper)[pri:0, instance:cucumber.framework.runner.jcadmin.JCAdminRunner@2767e23c]" started-at="2022-10-07T12:50:57 WIB" name="runScenario" description="Runs Cucumber Scenarios" data-provider="scenarios" finished-at="2022-10-07T12:51:25 WIB" duration-ms="27570" status="FAIL">
          <params>
            <param index="0">
              <value>
                <![CDATA["Mengubah nilai value dari Content Preview"]]>
              </value>
            </param>
            <param index="1">
              <value>
                <![CDATA["Mencari dan Mengedit Blog Negative"]]>
              </value>
            </param>
          </params>
          <exception class="java.lang.AssertionError">
            <message>
              <![CDATA[expected [Cek Content Preview] but found [lsdkof sfp opkdfkpskfs kf seofkokeof okfokef osefokesf efokefpokfok <>]]]>
            </message>
            <full-stacktrace>
              <![CDATA[java.lang.AssertionError: expected [Cek Content Preview] but found [lsdkof sfp opkdfkpskfs kf seofkokeof okfokef osefokesf efokefpokfok <>]
at org.testng.Assert.fail(Assert.java:110)
at org.testng.Assert.failNotEquals(Assert.java:1413)
at org.testng.Assert.assertEqualsImpl(Assert.java:149)
at org.testng.Assert.assertEquals(Assert.java:131)
at org.testng.Assert.assertEquals(Assert.java:655)
at org.testng.Assert.assertEquals(Assert.java:665)
at cucumber.framework.runner.jcadmin.JCAdminBlogFindAndEditNegativeImpl.kode_admin_menekan_kotak_blog_untuk_validasi_case_bernilai_ubah(JCAdminBlogFindAndEditNegativeImpl.java:169)
at ✽.BL009N Admin menekan kotak blog untuk validasi Content Preview bernilai Cek Content Preview(file:///C:/TRAINING/TA/TA-NICO/TA-NICO/src/main/resources/jcadmin/006Blog005FindAndEditBlogNegative.feature:40)
]]>
            </full-stacktrace>
          </exception> <!-- java.lang.AssertionError -->
          <reporter-output>
          </reporter-output>
        </test-method> <!-- runScenario -->
        <test-method signature="runScenario(io.cucumber.testng.PickleWrapper,io.cucumber.testng.FeatureWrapper)[pri:0, instance:cucumber.framework.runner.jcadmin.JCAdminRunner@2767e23c]" started-at="2022-10-07T12:51:25 WIB" name="runScenario" description="Runs Cucumber Scenarios" data-provider="scenarios" finished-at="2022-10-07T12:51:52 WIB" duration-ms="27244" status="FAIL">
          <params>
            <param index="0">
              <value>
                <![CDATA["Mengubah nilai value dari Content"]]>
              </value>
            </param>
            <param index="1">
              <value>
                <![CDATA["Mencari dan Mengedit Blog Negative"]]>
              </value>
            </param>
          </params>
          <exception class="java.lang.AssertionError">
            <message>
              <![CDATA[expected [Cek Isi Content] but found [lsdkof sfp opkdfkpskfs kf seofkokeof okfokef osefokesf efokefpokfok <>]]]>
            </message>
            <full-stacktrace>
              <![CDATA[java.lang.AssertionError: expected [Cek Isi Content] but found [lsdkof sfp opkdfkpskfs kf seofkokeof okfokef osefokesf efokefpokfok <>]
at org.testng.Assert.fail(Assert.java:110)
at org.testng.Assert.failNotEquals(Assert.java:1413)
at org.testng.Assert.assertEqualsImpl(Assert.java:149)
at org.testng.Assert.assertEquals(Assert.java:131)
at org.testng.Assert.assertEquals(Assert.java:655)
at org.testng.Assert.assertEquals(Assert.java:665)
at cucumber.framework.runner.jcadmin.JCAdminBlogFindAndEditNegativeImpl.kode_admin_menekan_kotak_blog_untuk_validasi_case_bernilai_ubah(JCAdminBlogFindAndEditNegativeImpl.java:167)
at ✽.BL010N Admin menekan kotak blog untuk validasi Content bernilai Cek Isi Content(file:///C:/TRAINING/TA/TA-NICO/TA-NICO/src/main/resources/jcadmin/006Blog005FindAndEditBlogNegative.feature:40)
]]>
            </full-stacktrace>
          </exception> <!-- java.lang.AssertionError -->
          <reporter-output>
          </reporter-output>
        </test-method> <!-- runScenario -->
        <test-method signature="runScenario(io.cucumber.testng.PickleWrapper,io.cucumber.testng.FeatureWrapper)[pri:0, instance:cucumber.framework.runner.jcadmin.JCAdminRunner@2767e23c]" started-at="2022-10-07T12:51:52 WIB" name="runScenario" description="Runs Cucumber Scenarios" data-provider="scenarios" finished-at="2022-10-07T12:52:10 WIB" duration-ms="17717" status="PASS">
          <params>
            <param index="0">
              <value>
                <![CDATA["Mengubah nilai dari Content Preview invalid"]]>
              </value>
            </param>
            <param index="1">
              <value>
                <![CDATA["Mencari dan Mengedit Blog Negative"]]>
              </value>
            </param>
          </params>
          <reporter-output>
          </reporter-output>
        </test-method> <!-- runScenario -->
        <test-method signature="runScenario(io.cucumber.testng.PickleWrapper,io.cucumber.testng.FeatureWrapper)[pri:0, instance:cucumber.framework.runner.jcadmin.JCAdminRunner@2767e23c]" started-at="2022-10-07T12:52:10 WIB" name="runScenario" description="Runs Cucumber Scenarios" data-provider="scenarios" finished-at="2022-10-07T12:52:28 WIB" duration-ms="18369" status="PASS">
          <params>
            <param index="0">
              <value>
                <![CDATA["Mengubah nilai dari Content Preview invalid"]]>
              </value>
            </param>
            <param index="1">
              <value>
                <![CDATA["Mencari dan Mengedit Blog Negative"]]>
              </value>
            </param>
          </params>
          <reporter-output>
          </reporter-output>
        </test-method> <!-- runScenario -->
        <test-method signature="runScenario(io.cucumber.testng.PickleWrapper,io.cucumber.testng.FeatureWrapper)[pri:0, instance:cucumber.framework.runner.jcadmin.JCAdminRunner@2767e23c]" started-at="2022-10-07T12:52:28 WIB" name="runScenario" description="Runs Cucumber Scenarios" data-provider="scenarios" finished-at="2022-10-07T12:52:33 WIB" duration-ms="5223" status="PASS">
          <params>
            <param index="0">
              <value>
                <![CDATA["Membuka halaman Contact Messages"]]>
              </value>
            </param>
            <param index="1">
              <value>
                <![CDATA["Melihat Data Contact Message Berdasarkan Sorting"]]>
              </value>
            </param>
          </params>
          <reporter-output>
          </reporter-output>
        </test-method> <!-- runScenario -->
        <test-method signature="runScenario(io.cucumber.testng.PickleWrapper,io.cucumber.testng.FeatureWrapper)[pri:0, instance:cucumber.framework.runner.jcadmin.JCAdminRunner@2767e23c]" started-at="2022-10-07T12:52:33 WIB" name="runScenario" description="Runs Cucumber Scenarios" data-provider="scenarios" finished-at="2022-10-07T12:52:43 WIB" duration-ms="9823" status="PASS">
          <params>
            <param index="0">
              <value>
                <![CDATA["Admin sorting data berdasarkan Nama"]]>
              </value>
            </param>
            <param index="1">
              <value>
                <![CDATA["Melihat Data Contact Message Berdasarkan Sorting"]]>
              </value>
[...]
            </param>
          </params>
          <reporter-output>
          </reporter-output>
        </test-method> <!-- runScenario -->
        <test-method signature="runScenario(io.cucumber.testng.PickleWrapper,io.cucumber.testng.FeatureWrapper)[pri:0, instance:cucumber.framework.runner.jcadmin.JCAdminRunner@2767e23c]" started-at="2022-10-07T12:54:47 WIB" name="runScenario" description="Runs Cucumber Scenarios" data-provider="scenarios" finished-at="2022-10-07T12:55:00 WIB" duration-ms="12586" status="PASS">
          <params>
            <param index="0">
              <value>
                <![CDATA["Admin mencari data Email berdasarkan Nama"]]>
              </value>
            </param>
            <param index="1">
              <value>
                <![CDATA["Cari Data Messages Negative"]]>
              </value>
            </param>
          </params>
          <reporter-output>
          </reporter-output>
        </test-method> <!-- runScenario -->
        <test-method signature="runScenario(io.cucumber.testng.PickleWrapper,io.cucumber.testng.FeatureWrapper)[pri:0, instance:cucumber.framework.runner.jcadmin.JCAdminRunner@2767e23c]" started-at="2022-10-07T12:55:00 WIB" name="runScenario" description="Runs Cucumber Scenarios" data-provider="scenarios" finished-at="2022-10-07T12:55:12 WIB" duration-ms="12571" status="PASS">
          <params>
            <param index="0">
              <value>
                <![CDATA["Admin mencari data Phone Number berdasarkan Nama"]]>
              </value>
            </param>
            <param index="1">
              <value>
                <![CDATA["Cari Data Messages Negative"]]>
              </value>
            </param>
          </params>
          <reporter-output>
          </reporter-output>
        </test-method> <!-- runScenario -->
        <test-method signature="runScenario(io.cucumber.testng.PickleWrapper,io.cucumber.testng.FeatureWrapper)[pri:0, instance:cucumber.framework.runner.jcadmin.JCAdminRunner@2767e23c]" started-at="2022-10-07T12:55:12 WIB" name="runScenario" description="Runs Cucumber Scenarios" data-provider="scenarios" finished-at="2022-10-07T12:55:25 WIB" duration-ms="12603" status="PASS">
          <params>
            <param index="0">
              <value>
                <![CDATA["Admin mencari data Subject berdasarkan Nama"]]>
              </value>
            </param>
            <param index="1">
              <value>
                <![CDATA["Cari Data Messages Negative"]]>
              </value>
            </param>
          </params>
          <reporter-output>
          </reporter-output>
        </test-method> <!-- runScenario -->
        <test-method signature="runScenario(io.cucumber.testng.PickleWrapper,io.cucumber.testng.FeatureWrapper)[pri:0, instance:cucumber.framework.runner.jcadmin.JCAdminRunner@2767e23c]" started-at="2022-10-07T12:55:25 WIB" name="runScenario" description="Runs Cucumber Scenarios" data-provider="scenarios" finished-at="2022-10-07T12:55:38 WIB" duration-ms="13078" status="PASS">
          <params>
            <param index="0">
              <value>
                <![CDATA["Admin mencari data Messages berdasarkan Nama"]]>
              </value>
            </param>
            <param index="1">
              <value>
                <![CDATA["Cari Data Messages Negative"]]>
              </value>
            </param>
          </params>
          <reporter-output>
          </reporter-output>
        </test-method> <!-- runScenario -->
        <test-method signature="runScenario(io.cucumber.testng.PickleWrapper,io.cucumber.testng.FeatureWrapper)[pri:0, instance:cucumber.framework.runner.jcadmin.JCAdminRunner@2767e23c]" started-at="2022-10-07T12:55:38 WIB" name="runScenario" description="Runs Cucumber Scenarios" data-provider="scenarios" finished-at="2022-10-07T12:55:51 WIB" duration-ms="13264" status="PASS">
          <params>
            <param index="0">
              <value>
                <![CDATA["Admin mencari data Nama berdasarkan Email"]]>
              </value>
            </param>
            <param index="1">
              <value>
                <![CDATA["Cari Data Messages Negative"]]>
              </value>
            </param>
          </params>
          <reporter-output>
          </reporter-output>
        </test-method> <!-- runScenario -->
        <test-method signature="runScenario(io.cucumber.testng.PickleWrapper,io.cucumber.testng.FeatureWrapper)[pri:0, instance:cucumber.framework.runner.jcadmin.JCAdminRunner@2767e23c]" started-at="2022-10-07T12:55:51 WIB" name="runScenario" description="Runs Cucumber Scenarios" data-provider="scenarios" finished-at="2022-10-07T12:56:05 WIB" duration-ms="13604" status="PASS">
          <params>
            <param index="0">
              <value>
                <![CDATA["Admin mencari data Phone Number berdasarkan Email"]]>
              </value>
            </param>
            <param index="1">
              <value>
                <![CDATA["Cari Data Messages Negative"]]>
              </value>
            </param>
          </params>
          <reporter-output>
          </reporter-output>
        </test-method> <!-- runScenario -->
        <test-method signature="runScenario(io.cucumber.testng.PickleWrapper,io.cucumber.testng.FeatureWrapper)[pri:0, instance:cucumber.framework.runner.jcadmin.JCAdminRunner@2767e23c]" started-at="2022-10-07T12:56:05 WIB" name="runScenario" description="Runs Cucumber Scenarios" data-provider="scenarios" finished-at="2022-10-07T12:56:18 WIB" duration-ms="12929" status="PASS">
          <params>
            <param index="0">
              <value>
                <![CDATA["Admin mencari data Subject berdasarkan Email"]]>
              </value>
            </param>
            <param index="1">
              <value>
                <![CDATA["Cari Data Messages Negative"]]>
              </value>
            </param>
          </params>
          <reporter-output>
          </reporter-output>
        </test-method> <!-- runScenario -->
        <test-method signature="runScenario(io.cucumber.testng.PickleWrapper,io.cucumber.testng.FeatureWrapper)[pri:0, instance:cucumber.framework.runner.jcadmin.JCAdminRunner@2767e23c]" started-at="2022-10-07T12:56:18 WIB" name="runScenario" description="Runs Cucumber Scenarios" data-provider="scenarios" finished-at="2022-10-07T12:56:31 WIB" duration-ms="13541" status="PASS">
          <params>
            <param index="0">
              <value>
                <![CDATA["Admin mencari data Messages berdasarkan Email"]]>
              </value>
            </param>
            <param index="1">
              <value>
                <![CDATA["Cari Data Messages Negative"]]>
              </value>
            </param>
          </params>
          <reporter-output>
          </reporter-output>
        </test-method> <!-- runScenario -->
        <test-method signature="runScenario(io.cucumber.testng.PickleWrapper,io.cucumber.testng.FeatureWrapper)[pri:0, instance:cucumber.framework.runner.jcadmin.JCAdminRunner@2767e23c]" started-at="2022-10-07T12:56:31 WIB" name="runScenario" description="Runs Cucumber Scenarios" data-provider="scenarios" finished-at="2022-10-07T12:56:44 WIB" duration-ms="12773" status="PASS">
          <params>
            <param index="0">
              <value>
                <![CDATA["Admin mencari data Nama berdasarkan Phone Number"]]>
              </value>
            </param>
            <param index="1">
              <value>
                <![CDATA["Cari Data Messages Negative"]]>
              </value>
            </param>
          </params>
          <reporter-output>
          </reporter-output>
        </test-method> <!-- runScenario -->
        <test-method signature="runScenario(io.cucumber.testng.PickleWrapper,io.cucumber.testng.FeatureWrapper)[pri:0, instance:cucumber.framework.runner.jcadmin.JCAdminRunner@2767e23c]" started-at="2022-10-07T12:56:44 WIB" name="runScenario" description="Runs Cucumber Scenarios" data-provider="scenarios" finished-at="2022-10-07T12:56:57 WIB" duration-ms="13467" status="PASS">
          <params>
            <param index="0">
              <value>
                <![CDATA["Admin mencari data Email berdasarkan Phone Number"]]>
              </value>
            </param>
            <param index="1">
              <value>
                <![CDATA["Cari Data Messages Negative"]]>
              </value>
            </param>
          </params>
          <reporter-output>
          </reporter-output>
        </test-method> <!-- runScenario -->
        <test-method signature="runScenario(io.cucumber.testng.PickleWrapper,io.cucumber.testng.FeatureWrapper)[pri:0, instance:cucumber.framework.runner.jcadmin.JCAdminRunner@2767e23c]" started-at="2022-10-07T12:56:57 WIB" name="runScenario" description="Runs Cucumber Scenarios" data-provider="scenarios" finished-at="2022-10-07T12:57:11 WIB" duration-ms="13728" status="PASS">
          <params>
            <param index="0">
              <value>
                <![CDATA["Admin mencari data Subject berdasarkan Phone Number"]]>
              </value>
            </param>
            <param index="1">
              <value>
                <![CDATA["Cari Data Messages Negative"]]>
              </value>
            </param>
          </params>
          <reporter-output>
          </reporter-output>
        </test-method> <!-- runScenario -->
        <test-method signature="runScenario(io.cucumber.testng.PickleWrapper,io.cucumber.testng.FeatureWrapper)[pri:0, instance:cucumber.framework.runner.jcadmin.JCAdminRunner@2767e23c]" started-at="2022-10-07T12:57:11 WIB" name="runScenario" description="Runs Cucumber Scenarios" data-provider="scenarios" finished-at="2022-10-07T12:57:25 WIB" duration-ms="13390" status="PASS">
          <params>
            <param index="0">
              <value>
                <![CDATA["Admin mencari data Messages berdasarkan Phone Number"]]>
              </value>
            </param>
            <param index="1">
              <value>
                <![CDATA["Cari Data Messages Negative"]]>
              </value>
            </param>
          </params>
          <reporter-output>
          </reporter-output>
        </test-method> <!-- runScenario -->
        <test-method signature="runScenario(io.cucumber.testng.PickleWrapper,io.cucumber.testng.FeatureWrapper)[pri:0, instance:cucumber.framework.runner.jcadmin.JCAdminRunner@2767e23c]" started-at="2022-10-07T12:57:25 WIB" name="runScenario" description="Runs Cucumber Scenarios" data-provider="scenarios" finished-at="2022-10-07T12:57:38 WIB" duration-ms="13151" status="PASS">
          <params>
            <param index="0">
              <value>
                <![CDATA["Admin mencari data Nama berdasarkan Subject"]]>
              </value>
            </param>
            <param index="1">
              <value>
                <![CDATA["Cari Data Messages Negative"]]>
              </value>
            </param>
          </params>
          <reporter-output>
          </reporter-output>
        </test-method> <!-- runScenario -->
        <test-method signature="runScenario(io.cucumber.testng.PickleWrapper,io.cucumber.testng.FeatureWrapper)[pri:0, instance:cucumber.framework.runner.jcadmin.JCAdminRunner@2767e23c]" started-at="2022-10-07T12:57:38 WIB" name="runScenario" description="Runs Cucumber Scenarios" data-provider="scenarios" finished-at="2022-10-07T12:57:51 WIB" duration-ms="13220" status="PASS">
          <params>
            <param index="0">
              <value>
                <![CDATA["Admin mencari data Email berdasarkan Subject"]]>
              </value>
            </param>
            <param index="1">
              <value>
                <![CDATA["Cari Data Messages Negative"]]>
              </value>
            </param>
          </params>
          <reporter-output>
          </reporter-output>
        </test-method> <!-- runScenario -->
        <test-method signature="runScenario(io.cucumber.testng.PickleWrapper,io.cucumber.testng.FeatureWrapper)[pri:0, instance:cucumber.framework.runner.jcadmin.JCAdminRunner@2767e23c]" started-at="2022-10-07T12:57:51 WIB" name="runScenario" description="Runs Cucumber Scenarios" data-provider="scenarios" finished-at="2022-10-07T12:58:04 WIB" duration-ms="13472" status="PASS">
          <params>
            <param index="0">
              <value>
                <![CDATA["Admin mencari data Phone Number berdasarkan Subject"]]>
              </value>
            </param>
            <param index="1">
              <value>
                <![CDATA["Cari Data Messages Negative"]]>
              </value>
            </param>
          </params>
          <reporter-output>
          </reporter-output>
        </test-method> <!-- runScenario -->
        <test-method signature="runScenario(io.cucumber.testng.PickleWrapper,io.cucumber.testng.FeatureWrapper)[pri:0, instance:cucumber.framework.runner.jcadmin.JCAdminRunner@2767e23c]" started-at="2022-10-07T12:58:04 WIB" name="runScenario" description="Runs Cucumber Scenarios" data-provider="scenarios" finished-at="2022-10-07T12:58:18 WIB" duration-ms="13185" status="PASS">
          <params>
            <param index="0">
              <value>
                <![CDATA["Admin mencari data Messages berdasarkan Subject"]]>
              </value>
            </param>
            <param index="1">
              <value>
                <![CDATA["Cari Data Messages Negative"]]>
              </value>
            </param>
          </params>
          <reporter-output>
          </reporter-output>
        </test-method> <!-- runScenario -->
        <test-method signature="runScenario(io.cucumber.testng.PickleWrapper,io.cucumber.testng.FeatureWrapper)[pri:0, instance:cucumber.framework.runner.jcadmin.JCAdminRunner@2767e23c]" started-at="2022-10-07T12:58:18 WIB" name="runScenario" description="Runs Cucumber Scenarios" data-provider="scenarios" finished-at="2022-10-07T12:58:30 WIB" duration-ms="12452" status="PASS">
          <params>
            <param index="0">
              <value>
                <![CDATA["Admin mencari data Nama dengan tekan tombol cari"]]>
              </value>
            </param>
            <param index="1">
              <value>
                <![CDATA["Cari Data Messages Negative"]]>
              </value>
            </param>
          </params>
          <reporter-output>
          </reporter-output>
        </test-method> <!-- runScenario -->
        <test-method signature="runScenario(io.cucumber.testng.PickleWrapper,io.cucumber.testng.FeatureWrapper)[pri:0, instance:cucumber.framework.runner.jcadmin.JCAdminRunner@2767e23c]" started-at="2022-10-07T12:58:30 WIB" name="runScenario" description="Runs Cucumber Scenarios" data-provider="scenarios" finished-at="2022-10-07T12:58:43 WIB" duration-ms="12907" status="PASS">
          <params>
            <param index="0">
              <value>
                <![CDATA["Admin mencari data Email dengan tekan tombol cari"]]>
              </value>
            </param>
            <param index="1">
              <value>
                <![CDATA["Cari Data Messages Negative"]]>
              </value>
            </param>
          </params>
          <reporter-output>
          </reporter-output>
        </test-method> <!-- runScenario -->
        <test-method signature="runScenario(io.cucumber.testng.PickleWrapper,io.cucumber.testng.FeatureWrapper)[pri:0, instance:cucumber.framework.runner.jcadmin.JCAdminRunner@2767e23c]" started-at="2022-10-07T12:58:43 WIB" name="runScenario" description="Runs Cucumber Scenarios" data-provider="scenarios" finished-at="2022-10-07T12:58:56 WIB" duration-ms="12958" status="PASS">
          <params>
            <param index="0">
              <value>
                <![CDATA["Admin mencari data Phone Number dengan tekan tombol cari"]]>
              </value>
            </param>
            <param index="1">
              <value>
                <![CDATA["Cari Data Messages Negative"]]>
              </value>
            </param>
          </params>
          <reporter-output>
          </reporter-output>
        </test-method> <!-- runScenario -->
        <test-method signature="runScenario(io.cucumber.testng.PickleWrapper,io.cucumber.testng.FeatureWrapper)[pri:0, instance:cucumber.framework.runner.jcadmin.JCAdminRunner@2767e23c]" started-at="2022-10-07T12:58:56 WIB" name="runScenario" description="Runs Cucumber Scenarios" data-provider="scenarios" finished-at="2022-10-07T12:59:09 WIB" duration-ms="12722" status="PASS">
          <params>
            <param index="0">
              <value>
                <![CDATA["Admin mencari data Subject dengan tekan tombol cari"]]>
              </value>
            </param>
            <param index="1">
              <value>
                <![CDATA["Cari Data Messages Negative"]]>
              </value>
            </param>
          </params>
          <reporter-output>
          </reporter-output>
        </test-method> <!-- runScenario -->
        <test-method signature="runScenario(io.cucumber.testng.PickleWrapper,io.cucumber.testng.FeatureWrapper)[pri:0, instance:cucumber.framework.runner.jcadmin.JCAdminRunner@2767e23c]" started-at="2022-10-07T12:59:09 WIB" name="runScenario" description="Runs Cucumber Scenarios" data-provider="scenarios" finished-at="2022-10-07T12:59:22 WIB" duration-ms="13622" status="FAIL">
          <params>
            <param index="0">
              <value>
                <![CDATA["Admin mencari data Message dengan tekan tombol cari"]]>
              </value>
            </param>
            <param index="1">
              <value>
                <![CDATA["Cari Data Messages Negative"]]>
              </value>
            </param>
          </params>
          <exception class="java.lang.AssertionError">
            <message>
              <![CDATA[expected [00101111zzzozooo] but found [0011111zzzozooo]]]>
            </message>
            <full-stacktrace>
              <![CDATA[java.lang.AssertionError: expected [00101111zzzozooo] but found [0011111zzzozooo]
at org.testng.Assert.fail(Assert.java:110)
at org.testng.Assert.failNotEquals(Assert.java:1413)
at org.testng.Assert.assertEqualsImpl(Assert.java:149)
at org.testng.Assert.assertEquals(Assert.java:131)
at org.testng.Assert.assertEquals(Assert.java:655)
at org.testng.Assert.assertEquals(Assert.java:665)
at cucumber.framework.runner.jcadmin.JCAdminContactMessagesSearchNegativeImpl.kode_admin_menekan_tombol_cari_input_pada_kolom_pencarian_berdasar_sorting(JCAdminContactMessagesSearchNegativeImpl.java:155)
at ✽.CO021P Admin menekan tombol cari 00101111zzzozooo pada kolom pencarian berdasar Message(file:///C:/TRAINING/TA/TA-NICO/TA-NICO/src/main/resources/jcadmin/007ContactMessages007CariNegative.feature:56)
]]>
            </full-stacktrace>
          </exception> <!-- java.lang.AssertionError -->
          <reporter-output>
          </reporter-output>
        </test-method> <!-- runScenario -->
        <test-method is-config="true" signature="tearDownClass()[pri:0, instance:cucumber.framework.runner.jcadmin.JCAdminRunner@2767e23c]" started-at="2022-10-07T12:59:22 WIB" name="tearDownClass" finished-at="2022-10-07T12:59:25 WIB" duration-ms="2543" status="PASS">
          <reporter-output>
          </reporter-output>
        </test-method> <!-- tearDownClass -->
      </class> <!-- cucumber.framework.runner.jcadmin.JCAdminRunner -->
    </test> <!-- Default test -->
  </suite> <!-- Default suite -->
</testng-results>
